#
# There is insufficient memory for the Java Runtime Environment to continue.
# Native memory allocation (malloc) failed to allocate 744848 bytes. Error detail: Chunk::new
# Possible reasons:
#   The system is out of physical RAM or swap space
#   This process is running with CompressedOops enabled, and the Java Heap may be blocking the growth of the native heap
# Possible solutions:
#   Reduce memory load on the system
#   Increase physical memory or swap space
#   Check if swap backing store is full
#   Decrease Java heap size (-Xmx/-Xms)
#   Decrease number of Java threads
#   Decrease Java thread stack sizes (-Xss)
#   Set larger code cache with -XX:ReservedCodeCacheSize=
#   JVM is running with Unscaled Compressed Oops mode in which the Java heap is
#     placed in the first 4GB address space. The Java Heap base address is the
#     maximum limit for the native heap growth. Please use -XX:HeapBaseMinAddress
#     to set the Java Heap base and to place the Java Heap above 4GB virtual address.
# This output file may be truncated or incomplete.
#
#  Out of Memory Error (arena.cpp:168), pid=9576, tid=22536
#
# JRE version: OpenJDK Runtime Environment (21.0.6) (build 21.0.6+-13368085-b895.109)
# Java VM: OpenJDK 64-Bit Server VM (21.0.6+-13368085-b895.109, mixed mode, tiered, compressed oops, compressed class ptrs, g1 gc, windows-amd64)
# No core dump will be written. Minidumps are not enabled by default on client versions of Windows
#

---------------  S U M M A R Y ------------

Command Line: --add-opens=java.base/java.lang=ALL-UNNAMED --add-opens=java.base/java.lang.invoke=ALL-UNNAMED --add-opens=java.base/java.util=ALL-UNNAMED --add-opens=java.prefs/java.util.prefs=ALL-UNNAMED --add-exports=jdk.compiler/com.sun.tools.javac.api=ALL-UNNAMED --add-exports=jdk.compiler/com.sun.tools.javac.util=ALL-UNNAMED --add-opens=java.base/java.util=ALL-UNNAMED --add-opens=java.prefs/java.util.prefs=ALL-UNNAMED --add-opens=java.base/java.nio.charset=ALL-UNNAMED --add-opens=java.base/java.net=ALL-UNNAMED --add-opens=java.base/java.util.concurrent.atomic=ALL-UNNAMED --add-opens=java.xml/javax.xml.namespace=ALL-UNNAMED -Xmx2048m -Dfile.encoding=UTF-8 -Duser.country=CN -Duser.language=zh -Duser.variant -javaagent:C:\Users\Administrator\.gradle\wrapper\dists\gradle-8.11.1-bin\bpt9gzteqjrbo1mjrsomdt32c\gradle-8.11.1\lib\agents\gradle-instrumentation-agent-8.11.1.jar org.gradle.launcher.daemon.bootstrap.GradleDaemon 8.11.1

Host: Intel(R) Core(TM) i5-10400 CPU @ 2.90GHz, 12 cores, 15G,  Windows 10 , 64 bit Build 19041 (10.0.19041.1706)
Time: Sun Aug 17 21:55:42 2025  Windows 10 , 64 bit Build 19041 (10.0.19041.1706) elapsed time: 6.185908 seconds (0d 0h 0m 6s)

---------------  T H R E A D  ---------------

Current thread (0x0000017eef6d7b20):  JavaThread "C2 CompilerThread1" daemon [_thread_in_native, id=22536, stack(0x0000005571100000,0x0000005571200000) (1024K)]


Current CompileTask:
C2:6185 8237       4       java.util.zip.ZipFile$Source::initCEN (612 bytes)

Stack: [0x0000005571100000,0x0000005571200000]
Native frames: (J=compiled Java code, j=interpreted, Vv=VM code, C=native code)
V  [jvm.dll+0x6d0639]
V  [jvm.dll+0x85eb03]
V  [jvm.dll+0x86105e]
V  [jvm.dll+0x861743]
V  [jvm.dll+0x27e6e6]
V  [jvm.dll+0xbff6d]
V  [jvm.dll+0xc04a3]
V  [jvm.dll+0x3b61ab]
V  [jvm.dll+0x1de872]
V  [jvm.dll+0x247dd4]
V  [jvm.dll+0x247251]
V  [jvm.dll+0x1c5f04]
V  [jvm.dll+0x2569ac]
V  [jvm.dll+0x254ef6]
V  [jvm.dll+0x3f0e96]
V  [jvm.dll+0x806ed8]
V  [jvm.dll+0x6cef0d]
C  [ucrtbase.dll+0x21bb2]
C  [KERNEL32.DLL+0x17034]
C  [ntdll.dll+0x52651]


---------------  P R O C E S S  ---------------

Threads class SMR info:
_java_thread_list=0x0000017ef9a9a250, length=67, elements={
0x0000017ed5675f80, 0x0000017eef34b1b0, 0x0000017eef34c110, 0x0000017eef3a8f30,
0x0000017eef3b16a0, 0x0000017eef380e90, 0x0000017eef381c90, 0x0000017eef386c30,
0x0000017eef3876e0, 0x0000017eef521590, 0x0000017eef6c1900, 0x0000017eef6d7b20,
0x0000017ef53b5930, 0x0000017ef5421780, 0x0000017ef52e58a0, 0x0000017ef5341120,
0x0000017ef533ddc0, 0x0000017ef530c180, 0x0000017ef530c7e0, 0x0000017ef530de50,
0x0000017ef559be90, 0x0000017ef559b800, 0x0000017ef559b170, 0x0000017ef5599730,
0x0000017ef559c520, 0x0000017ef5c8c010, 0x0000017ef559cbb0, 0x0000017ef5599dc0,
0x0000017ef559a450, 0x0000017ef559aae0, 0x0000017ef86698c0, 0x0000017ef866c020,
0x0000017ef866b300, 0x0000017ef8667160, 0x0000017ef866e0f0, 0x0000017ef866d3d0,
0x0000017ef8669f50, 0x0000017ef866e780, 0x0000017ef8667e80, 0x0000017ef8668510,
0x0000017ef8668ba0, 0x0000017ef8669230, 0x0000017ef866a5e0, 0x0000017ef866b990,
0x0000017eef57be20, 0x0000017eef579d50, 0x0000017eef579030, 0x0000017eef57aa70,
0x0000017eef574e90, 0x0000017eef57b790, 0x0000017eef57c4b0, 0x0000017eef575520,
0x0000017eef576240, 0x0000017eef575bb0, 0x0000017eef5768d0, 0x0000017eef57a3e0,
0x0000017eef5775f0, 0x0000017eef577c80, 0x0000017eef578310, 0x0000017eef5789a0,
0x0000017eef5796c0, 0x0000017eef57b100, 0x0000017ef7ad80c0, 0x0000017ef7adcf80,
0x0000017ef7ad7a30, 0x0000017ef7ada190, 0x0000017ef7ad8750
}

Java Threads: ( => current thread )
  0x0000017ed5675f80 JavaThread "main"                              [_thread_blocked, id=11196, stack(0x000000556ff00000,0x0000005570000000) (1024K)]
  0x0000017eef34b1b0 JavaThread "Reference Handler"          daemon [_thread_blocked, id=9636, stack(0x0000005570700000,0x0000005570800000) (1024K)]
  0x0000017eef34c110 JavaThread "Finalizer"                  daemon [_thread_blocked, id=27028, stack(0x0000005570800000,0x0000005570900000) (1024K)]
  0x0000017eef3a8f30 JavaThread "Signal Dispatcher"          daemon [_thread_blocked, id=30424, stack(0x0000005570900000,0x0000005570a00000) (1024K)]
  0x0000017eef3b16a0 JavaThread "Attach Listener"            daemon [_thread_blocked, id=9712, stack(0x0000005570a00000,0x0000005570b00000) (1024K)]
  0x0000017eef380e90 JavaThread "Service Thread"             daemon [_thread_blocked, id=4456, stack(0x0000005570b00000,0x0000005570c00000) (1024K)]
  0x0000017eef381c90 JavaThread "Monitor Deflation Thread"   daemon [_thread_blocked, id=29360, stack(0x0000005570c00000,0x0000005570d00000) (1024K)]
  0x0000017eef386c30 JavaThread "C2 CompilerThread0"         daemon [_thread_blocked, id=9588, stack(0x0000005570d00000,0x0000005570e00000) (1024K)]
  0x0000017eef3876e0 JavaThread "C1 CompilerThread0"         daemon [_thread_blocked, id=12900, stack(0x0000005570e00000,0x0000005570f00000) (1024K)]
  0x0000017eef521590 JavaThread "Common-Cleaner"             daemon [_thread_blocked, id=11680, stack(0x0000005570f00000,0x0000005571000000) (1024K)]
  0x0000017eef6c1900 JavaThread "Notification Thread"        daemon [_thread_blocked, id=1620, stack(0x0000005571000000,0x0000005571100000) (1024K)]
=>0x0000017eef6d7b20 JavaThread "C2 CompilerThread1"         daemon [_thread_in_native, id=22536, stack(0x0000005571100000,0x0000005571200000) (1024K)]
  0x0000017ef53b5930 JavaThread "Daemon health stats"               [_thread_blocked, id=27008, stack(0x0000005571200000,0x0000005571300000) (1024K)]
  0x0000017ef5421780 JavaThread "Incoming local TCP Connector on port 52129"        [_thread_in_native, id=9284, stack(0x0000005571800000,0x0000005571900000) (1024K)]
  0x0000017ef52e58a0 JavaThread "Daemon periodic checks"            [_thread_blocked, id=17980, stack(0x0000005571900000,0x0000005571a00000) (1024K)]
  0x0000017ef5341120 JavaThread "Daemon"                            [_thread_blocked, id=30484, stack(0x0000005571a00000,0x0000005571b00000) (1024K)]
  0x0000017ef533ddc0 JavaThread "Handler for socket connection from /127.0.0.1:52129 to /127.0.0.1:52130"        [_thread_in_native, id=27196, stack(0x0000005571b00000,0x0000005571c00000) (1024K)]
  0x0000017ef530c180 JavaThread "Cancel handler"                    [_thread_blocked, id=12300, stack(0x0000005571c00000,0x0000005571d00000) (1024K)]
  0x0000017ef530c7e0 JavaThread "Daemon worker"                     [_thread_in_native, id=13240, stack(0x0000005571d00000,0x0000005571e00000) (1024K)]
  0x0000017ef530de50 JavaThread "Asynchronous log dispatcher for DefaultDaemonConnection: socket connection from /127.0.0.1:52129 to /127.0.0.1:52130"        [_thread_blocked, id=7232, stack(0x0000005571e00000,0x0000005571f00000) (1024K)]
  0x0000017ef559be90 JavaThread "Stdin handler"                     [_thread_blocked, id=28072, stack(0x0000005571f00000,0x0000005572000000) (1024K)]
  0x0000017ef559b800 JavaThread "Daemon client event forwarder"        [_thread_blocked, id=10056, stack(0x0000005572000000,0x0000005572100000) (1024K)]
  0x0000017ef559b170 JavaThread "Cache worker for journal cache (C:\Users\Administrator\.gradle\caches\journal-1)"        [_thread_blocked, id=20408, stack(0x0000005572700000,0x0000005572800000) (1024K)]
  0x0000017ef5599730 JavaThread "File lock request listener"        [_thread_in_native, id=11100, stack(0x0000005572800000,0x0000005572900000) (1024K)]
  0x0000017ef559c520 JavaThread "Cache worker for file hash cache (C:\Users\Administrator\.gradle\caches\8.11.1\fileHashes)"        [_thread_blocked, id=20472, stack(0x0000005572900000,0x0000005572a00000) (1024K)]
  0x0000017ef5c8c010 JavaThread "C2 CompilerThread2"         daemon [_thread_blocked, id=19416, stack(0x0000005572a00000,0x0000005572b00000) (1024K)]
  0x0000017ef559cbb0 JavaThread "Cache worker for file content cache (C:\Users\Administrator\.gradle\caches\8.11.1\fileContent)"        [_thread_blocked, id=21296, stack(0x0000005572b00000,0x0000005572c00000) (1024K)]
  0x0000017ef5599dc0 JavaThread "Cache worker for file hash cache (I:\project\test_filesync\.gradle\8.11.1\fileHashes)"        [_thread_blocked, id=23112, stack(0x0000005572c00000,0x0000005572d00000) (1024K)]
  0x0000017ef559a450 JavaThread "Cache worker for Build Output Cleanup Cache (I:\project\test_filesync\.gradle\buildOutputCleanup)"        [_thread_blocked, id=27896, stack(0x0000005572d00000,0x0000005572e00000) (1024K)]
  0x0000017ef559aae0 JavaThread "File watcher server"        daemon [_thread_in_native, id=29264, stack(0x0000005572e00000,0x0000005572f00000) (1024K)]
  0x0000017ef86698c0 JavaThread "File watcher consumer"      daemon [_thread_blocked, id=23660, stack(0x0000005572f00000,0x0000005573000000) (1024K)]
  0x0000017ef866c020 JavaThread "Cache worker for checksums cache (I:\project\test_filesync\.gradle\8.11.1\checksums)"        [_thread_blocked, id=14112, stack(0x0000005573000000,0x0000005573100000) (1024K)]
  0x0000017ef866b300 JavaThread "Cache worker for cache directory md-rule (C:\Users\Administrator\.gradle\caches\8.11.1\md-rule)"        [_thread_blocked, id=21308, stack(0x0000005573100000,0x0000005573200000) (1024K)]
  0x0000017ef8667160 JavaThread "Cache worker for cache directory md-supplier (C:\Users\Administrator\.gradle\caches\8.11.1\md-supplier)"        [_thread_blocked, id=18292, stack(0x0000005573200000,0x0000005573300000) (1024K)]
  0x0000017ef866e0f0 JavaThread "Unconstrained build operations"        [_thread_blocked, id=27520, stack(0x0000005573300000,0x0000005573400000) (1024K)]
  0x0000017ef866d3d0 JavaThread "Unconstrained build operations Thread 2"        [_thread_blocked, id=12176, stack(0x0000005573400000,0x0000005573500000) (1024K)]
  0x0000017ef8669f50 JavaThread "Unconstrained build operations Thread 3"        [_thread_blocked, id=7228, stack(0x0000005573500000,0x0000005573600000) (1024K)]
  0x0000017ef866e780 JavaThread "Unconstrained build operations Thread 4"        [_thread_blocked, id=26664, stack(0x0000005573600000,0x0000005573700000) (1024K)]
  0x0000017ef8667e80 JavaThread "Unconstrained build operations Thread 5"        [_thread_blocked, id=11648, stack(0x0000005573700000,0x0000005573800000) (1024K)]
  0x0000017ef8668510 JavaThread "Unconstrained build operations Thread 6"        [_thread_blocked, id=7056, stack(0x0000005573800000,0x0000005573900000) (1024K)]
  0x0000017ef8668ba0 JavaThread "Unconstrained build operations Thread 7"        [_thread_blocked, id=6352, stack(0x0000005573900000,0x0000005573a00000) (1024K)]
  0x0000017ef8669230 JavaThread "Unconstrained build operations Thread 8"        [_thread_blocked, id=28276, stack(0x0000005573a00000,0x0000005573b00000) (1024K)]
  0x0000017ef866a5e0 JavaThread "Unconstrained build operations Thread 9"        [_thread_blocked, id=14652, stack(0x0000005573b00000,0x0000005573c00000) (1024K)]
  0x0000017ef866b990 JavaThread "Unconstrained build operations Thread 10"        [_thread_blocked, id=21240, stack(0x0000005573c00000,0x0000005573d00000) (1024K)]
  0x0000017eef57be20 JavaThread "Unconstrained build operations Thread 11"        [_thread_blocked, id=19400, stack(0x0000005573d00000,0x0000005573e00000) (1024K)]
  0x0000017eef579d50 JavaThread "Unconstrained build operations Thread 12"        [_thread_blocked, id=20164, stack(0x0000005573e00000,0x0000005573f00000) (1024K)]
  0x0000017eef579030 JavaThread "Unconstrained build operations Thread 13"        [_thread_blocked, id=10880, stack(0x0000005573f00000,0x0000005574000000) (1024K)]
  0x0000017eef57aa70 JavaThread "Unconstrained build operations Thread 14"        [_thread_blocked, id=9132, stack(0x0000005574000000,0x0000005574100000) (1024K)]
  0x0000017eef574e90 JavaThread "Unconstrained build operations Thread 15"        [_thread_blocked, id=5176, stack(0x0000005574100000,0x0000005574200000) (1024K)]
  0x0000017eef57b790 JavaThread "Unconstrained build operations Thread 16"        [_thread_blocked, id=11952, stack(0x0000005574200000,0x0000005574300000) (1024K)]
  0x0000017eef57c4b0 JavaThread "Unconstrained build operations Thread 17"        [_thread_blocked, id=10568, stack(0x0000005574300000,0x0000005574400000) (1024K)]
  0x0000017eef575520 JavaThread "Unconstrained build operations Thread 18"        [_thread_blocked, id=26848, stack(0x0000005574400000,0x0000005574500000) (1024K)]
  0x0000017eef576240 JavaThread "Unconstrained build operations Thread 19"        [_thread_blocked, id=21024, stack(0x0000005574500000,0x0000005574600000) (1024K)]
  0x0000017eef575bb0 JavaThread "Unconstrained build operations Thread 20"        [_thread_blocked, id=22176, stack(0x0000005574600000,0x0000005574700000) (1024K)]
  0x0000017eef5768d0 JavaThread "Unconstrained build operations Thread 21"        [_thread_blocked, id=22344, stack(0x0000005574700000,0x0000005574800000) (1024K)]
  0x0000017eef57a3e0 JavaThread "Unconstrained build operations Thread 22"        [_thread_blocked, id=17604, stack(0x0000005574800000,0x0000005574900000) (1024K)]
  0x0000017eef5775f0 JavaThread "Unconstrained build operations Thread 23"        [_thread_blocked, id=28252, stack(0x0000005574900000,0x0000005574a00000) (1024K)]
  0x0000017eef577c80 JavaThread "Unconstrained build operations Thread 24"        [_thread_blocked, id=5588, stack(0x0000005574a00000,0x0000005574b00000) (1024K)]
  0x0000017eef578310 JavaThread "Unconstrained build operations Thread 25"        [_thread_blocked, id=8616, stack(0x0000005574b00000,0x0000005574c00000) (1024K)]
  0x0000017eef5789a0 JavaThread "Unconstrained build operations Thread 26"        [_thread_blocked, id=19572, stack(0x0000005574c00000,0x0000005574d00000) (1024K)]
  0x0000017eef5796c0 JavaThread "Unconstrained build operations Thread 27"        [_thread_blocked, id=22156, stack(0x0000005574d00000,0x0000005574e00000) (1024K)]
  0x0000017eef57b100 JavaThread "Unconstrained build operations Thread 28"        [_thread_blocked, id=21336, stack(0x0000005574e00000,0x0000005574f00000) (1024K)]
  0x0000017ef7ad80c0 JavaThread "Unconstrained build operations Thread 29"        [_thread_blocked, id=16812, stack(0x0000005574f00000,0x0000005575000000) (1024K)]
  0x0000017ef7adcf80 JavaThread "Unconstrained build operations Thread 30"        [_thread_blocked, id=3788, stack(0x0000005575000000,0x0000005575100000) (1024K)]
  0x0000017ef7ad7a30 JavaThread "Unconstrained build operations Thread 31"        [_thread_blocked, id=14908, stack(0x0000005575100000,0x0000005575200000) (1024K)]
  0x0000017ef7ada190 JavaThread "Unconstrained build operations Thread 32"        [_thread_blocked, id=13260, stack(0x0000005575200000,0x0000005575300000) (1024K)]
  0x0000017ef7ad8750 JavaThread "Unconstrained build operations Thread 33"        [_thread_blocked, id=15592, stack(0x0000005575300000,0x0000005575400000) (1024K)]
Total: 67

Other Threads:
  0x0000017eef2fe3e0 VMThread "VM Thread"                           [id=9788, stack(0x0000005570600000,0x0000005570700000) (1024K)]
  0x0000017eef13c7a0 WatcherThread "VM Periodic Task Thread"        [id=25168, stack(0x0000005570500000,0x0000005570600000) (1024K)]
  0x0000017ed56d0270 WorkerThread "GC Thread#0"                     [id=12920, stack(0x0000005570000000,0x0000005570100000) (1024K)]
  0x0000017eefc0e790 WorkerThread "GC Thread#1"                     [id=20148, stack(0x0000005571300000,0x0000005571400000) (1024K)]
  0x0000017eefacd4e0 WorkerThread "GC Thread#2"                     [id=16368, stack(0x0000005571400000,0x0000005571500000) (1024K)]
  0x0000017eefaccda0 WorkerThread "GC Thread#3"                     [id=23600, stack(0x0000005571500000,0x0000005571600000) (1024K)]
  0x0000017eefacbb80 WorkerThread "GC Thread#4"                     [id=11496, stack(0x0000005571600000,0x0000005571700000) (1024K)]
  0x0000017eefacca00 WorkerThread "GC Thread#5"                     [id=18368, stack(0x0000005571700000,0x0000005571800000) (1024K)]
  0x0000017eefacc2c0 WorkerThread "GC Thread#6"                     [id=15544, stack(0x0000005572100000,0x0000005572200000) (1024K)]
  0x0000017ef546f870 WorkerThread "GC Thread#7"                     [id=12116, stack(0x0000005572200000,0x0000005572300000) (1024K)]
  0x0000017ef546fc10 WorkerThread "GC Thread#8"                     [id=7900, stack(0x0000005572300000,0x0000005572400000) (1024K)]
  0x0000017ef5470350 WorkerThread "GC Thread#9"                     [id=19576, stack(0x0000005572400000,0x0000005572500000) (1024K)]
  0x0000017ed56e12d0 ConcurrentGCThread "G1 Main Marker"            [id=19380, stack(0x0000005570100000,0x0000005570200000) (1024K)]
  0x0000017ed56e2480 WorkerThread "G1 Conc#0"                       [id=25192, stack(0x0000005570200000,0x0000005570300000) (1024K)]
  0x0000017ef5470a90 WorkerThread "G1 Conc#1"                       [id=27432, stack(0x0000005572500000,0x0000005572600000) (1024K)]
  0x0000017ef5472790 WorkerThread "G1 Conc#2"                       [id=13356, stack(0x0000005572600000,0x0000005572700000) (1024K)]
  0x0000017eef00da60 ConcurrentGCThread "G1 Refine#0"               [id=16992, stack(0x0000005570300000,0x0000005570400000) (1024K)]
  0x0000017eef00f4f0 ConcurrentGCThread "G1 Service"                [id=12224, stack(0x0000005570400000,0x0000005570500000) (1024K)]
Total: 18

Threads with active compile tasks:
C2 CompilerThread1  6196 8237       4       java.util.zip.ZipFile$Source::initCEN (612 bytes)
Total: 1

VM state: not at safepoint (normal execution)

VM Mutex/Monitor currently owned by a thread: None

Heap address: 0x0000000080000000, size: 2048 MB, Compressed Oops mode: 32-bit

CDS archive(s) not mapped
Compressed class space mapped at: 0x0000000100000000-0x0000000140000000, reserved size: 1073741824
Narrow klass base: 0x0000000000000000, Narrow klass shift: 3, Narrow klass range: 0x140000000

GC Precious Log:
 CardTable entry size: 512
 Card Set container configuration: InlinePtr #cards 5 size 8 Array Of Cards #cards 12 size 40 Howl #buckets 4 coarsen threshold 1843 Howl Bitmap #cards 512 size 80 coarsen threshold 460 Card regions per heap region 1 cards per card region 2048
 CPUs: 12 total, 12 available
 Memory: 16250M
 Large Page Support: Disabled
 NUMA Support: Disabled
 Compressed Oops: Enabled (32-bit)
 Heap Region Size: 1M
 Heap Min Capacity: 8M
 Heap Initial Capacity: 254M
 Heap Max Capacity: 2G
 Pre-touch: Disabled
 Parallel Workers: 10
 Concurrent Workers: 3
 Concurrent Refinement Workers: 10
 Periodic GC: Disabled

Heap:
 garbage-first heap   total 135168K, used 69310K [0x0000000080000000, 0x0000000100000000)
  region size 1024K, 8 young (8192K), 6 survivors (6144K)
 Metaspace       used 69210K, committed 70912K, reserved 1114112K
  class space    used 9388K, committed 10176K, reserved 1048576K

Heap Regions: E=young(eden), S=young(survivor), O=old, HS=humongous(starts), HC=humongous(continues), CS=collection set, F=free, TAMS=top-at-mark-start, PB=parsable bottom
|   0|0x0000000080000000, 0x0000000080100000, 0x0000000080100000|100%|HS|  |TAMS 0x0000000080000000| PB 0x0000000080000000| Complete 
|   1|0x0000000080100000, 0x0000000080200000, 0x0000000080200000|100%|HC|  |TAMS 0x0000000080100000| PB 0x0000000080100000| Complete 
|   2|0x0000000080200000, 0x0000000080300000, 0x0000000080300000|100%|HC|  |TAMS 0x0000000080200000| PB 0x0000000080200000| Complete 
|   3|0x0000000080300000, 0x0000000080400000, 0x0000000080400000|100%| O|  |TAMS 0x0000000080300000| PB 0x0000000080300000| Untracked 
|   4|0x0000000080400000, 0x0000000080500000, 0x0000000080500000|100%| O|  |TAMS 0x0000000080400000| PB 0x0000000080400000| Untracked 
|   5|0x0000000080500000, 0x0000000080600000, 0x0000000080600000|100%| O|  |TAMS 0x0000000080500000| PB 0x0000000080500000| Untracked 
|   6|0x0000000080600000, 0x0000000080700000, 0x0000000080700000|100%|HS|  |TAMS 0x0000000080600000| PB 0x0000000080600000| Complete 
|   7|0x0000000080700000, 0x0000000080800000, 0x0000000080800000|100%| O|  |TAMS 0x0000000080700000| PB 0x0000000080700000| Untracked 
|   8|0x0000000080800000, 0x0000000080900000, 0x0000000080900000|100%| O|  |TAMS 0x0000000080800000| PB 0x0000000080800000| Untracked 
|   9|0x0000000080900000, 0x0000000080a00000, 0x0000000080a00000|100%| O|  |TAMS 0x0000000080900000| PB 0x0000000080900000| Untracked 
|  10|0x0000000080a00000, 0x0000000080b00000, 0x0000000080b00000|100%| O|  |TAMS 0x0000000080a00000| PB 0x0000000080a00000| Untracked 
|  11|0x0000000080b00000, 0x0000000080c00000, 0x0000000080c00000|100%| O|  |TAMS 0x0000000080b00000| PB 0x0000000080b00000| Untracked 
|  12|0x0000000080c00000, 0x0000000080d00000, 0x0000000080d00000|100%| O|  |TAMS 0x0000000080c00000| PB 0x0000000080c00000| Untracked 
|  13|0x0000000080d00000, 0x0000000080e00000, 0x0000000080e00000|100%| O|  |TAMS 0x0000000080d00000| PB 0x0000000080d00000| Untracked 
|  14|0x0000000080e00000, 0x0000000080f00000, 0x0000000080f00000|100%| O|  |TAMS 0x0000000080e00000| PB 0x0000000080e00000| Untracked 
|  15|0x0000000080f00000, 0x0000000081000000, 0x0000000081000000|100%| O|  |TAMS 0x0000000080f00000| PB 0x0000000080f00000| Untracked 
|  16|0x0000000081000000, 0x0000000081100000, 0x0000000081100000|100%| O|  |TAMS 0x0000000081000000| PB 0x0000000081000000| Untracked 
|  17|0x0000000081100000, 0x0000000081200000, 0x0000000081200000|100%| O|  |TAMS 0x0000000081100000| PB 0x0000000081100000| Untracked 
|  18|0x0000000081200000, 0x0000000081300000, 0x0000000081300000|100%| O|  |TAMS 0x0000000081200000| PB 0x0000000081200000| Untracked 
|  19|0x0000000081300000, 0x0000000081400000, 0x0000000081400000|100%| O|  |TAMS 0x0000000081300000| PB 0x0000000081300000| Untracked 
|  20|0x0000000081400000, 0x0000000081500000, 0x0000000081500000|100%| O|  |TAMS 0x0000000081400000| PB 0x0000000081400000| Untracked 
|  21|0x0000000081500000, 0x0000000081600000, 0x0000000081600000|100%| O|  |TAMS 0x0000000081500000| PB 0x0000000081500000| Untracked 
|  22|0x0000000081600000, 0x0000000081700000, 0x0000000081700000|100%| O|  |TAMS 0x0000000081600000| PB 0x0000000081600000| Untracked 
|  23|0x0000000081700000, 0x0000000081800000, 0x0000000081800000|100%| O|  |TAMS 0x0000000081700000| PB 0x0000000081700000| Untracked 
|  24|0x0000000081800000, 0x0000000081900000, 0x0000000081900000|100%| O|  |TAMS 0x0000000081800000| PB 0x0000000081800000| Untracked 
|  25|0x0000000081900000, 0x0000000081a00000, 0x0000000081a00000|100%| O|  |TAMS 0x0000000081900000| PB 0x0000000081900000| Untracked 
|  26|0x0000000081a00000, 0x0000000081b00000, 0x0000000081b00000|100%| O|  |TAMS 0x0000000081a00000| PB 0x0000000081a00000| Untracked 
|  27|0x0000000081b00000, 0x0000000081c00000, 0x0000000081c00000|100%| O|  |TAMS 0x0000000081b00000| PB 0x0000000081b00000| Untracked 
|  28|0x0000000081c00000, 0x0000000081d00000, 0x0000000081d00000|100%| O|  |TAMS 0x0000000081c00000| PB 0x0000000081c00000| Untracked 
|  29|0x0000000081d00000, 0x0000000081e00000, 0x0000000081e00000|100%| O|  |TAMS 0x0000000081d00000| PB 0x0000000081d00000| Untracked 
|  30|0x0000000081e00000, 0x0000000081f00000, 0x0000000081f00000|100%| O|  |TAMS 0x0000000081e00000| PB 0x0000000081e00000| Untracked 
|  31|0x0000000081f00000, 0x0000000082000000, 0x0000000082000000|100%| O|  |TAMS 0x0000000081f00000| PB 0x0000000081f00000| Untracked 
|  32|0x0000000082000000, 0x0000000082000000, 0x0000000082100000|  0%| F|  |TAMS 0x0000000082000000| PB 0x0000000082000000| Untracked 
|  33|0x0000000082100000, 0x0000000082200000, 0x0000000082200000|100%| O|  |TAMS 0x0000000082100000| PB 0x0000000082100000| Untracked 
|  34|0x0000000082200000, 0x0000000082300000, 0x0000000082300000|100%| O|  |TAMS 0x0000000082200000| PB 0x0000000082200000| Untracked 
|  35|0x0000000082300000, 0x0000000082400000, 0x0000000082400000|100%| O|  |TAMS 0x0000000082300000| PB 0x0000000082300000| Untracked 
|  36|0x0000000082400000, 0x0000000082500000, 0x0000000082500000|100%| O|  |TAMS 0x0000000082400000| PB 0x0000000082400000| Untracked 
|  37|0x0000000082500000, 0x0000000082600000, 0x0000000082600000|100%| O|  |TAMS 0x0000000082500000| PB 0x0000000082500000| Untracked 
|  38|0x0000000082600000, 0x0000000082700000, 0x0000000082700000|100%| O|  |TAMS 0x0000000082600000| PB 0x0000000082600000| Untracked 
|  39|0x0000000082700000, 0x0000000082800000, 0x0000000082800000|100%| O|  |TAMS 0x0000000082700000| PB 0x0000000082700000| Untracked 
|  40|0x0000000082800000, 0x0000000082900000, 0x0000000082900000|100%| O|  |TAMS 0x0000000082800000| PB 0x0000000082800000| Untracked 
|  41|0x0000000082900000, 0x0000000082a00000, 0x0000000082a00000|100%| O|  |TAMS 0x0000000082900000| PB 0x0000000082900000| Untracked 
|  42|0x0000000082a00000, 0x0000000082b00000, 0x0000000082b00000|100%| O|  |TAMS 0x0000000082a00000| PB 0x0000000082a00000| Untracked 
|  43|0x0000000082b00000, 0x0000000082c00000, 0x0000000082c00000|100%|HS|  |TAMS 0x0000000082b00000| PB 0x0000000082b00000| Complete 
|  44|0x0000000082c00000, 0x0000000082d00000, 0x0000000082d00000|100%|HS|  |TAMS 0x0000000082c00000| PB 0x0000000082c00000| Complete 
|  45|0x0000000082d00000, 0x0000000082e00000, 0x0000000082e00000|100%|HS|  |TAMS 0x0000000082d00000| PB 0x0000000082d00000| Complete 
|  46|0x0000000082e00000, 0x0000000082f00000, 0x0000000082f00000|100%|HC|  |TAMS 0x0000000082e00000| PB 0x0000000082e00000| Complete 
|  47|0x0000000082f00000, 0x0000000083000000, 0x0000000083000000|100%|HS|  |TAMS 0x0000000082f00000| PB 0x0000000082f00000| Complete 
|  48|0x0000000083000000, 0x0000000083000000, 0x0000000083100000|  0%| F|  |TAMS 0x0000000083000000| PB 0x0000000083000000| Untracked 
|  49|0x0000000083100000, 0x0000000083100000, 0x0000000083200000|  0%| F|  |TAMS 0x0000000083100000| PB 0x0000000083100000| Untracked 
|  50|0x0000000083200000, 0x0000000083300000, 0x0000000083300000|100%|HS|  |TAMS 0x0000000083200000| PB 0x0000000083200000| Complete 
|  51|0x0000000083300000, 0x0000000083400000, 0x0000000083400000|100%|HC|  |TAMS 0x0000000083300000| PB 0x0000000083300000| Complete 
|  52|0x0000000083400000, 0x0000000083500000, 0x0000000083500000|100%|HS|  |TAMS 0x0000000083400000| PB 0x0000000083400000| Complete 
|  53|0x0000000083500000, 0x0000000083500000, 0x0000000083600000|  0%| F|  |TAMS 0x0000000083500000| PB 0x0000000083500000| Untracked 
|  54|0x0000000083600000, 0x0000000083600000, 0x0000000083700000|  0%| F|  |TAMS 0x0000000083600000| PB 0x0000000083600000| Untracked 
|  55|0x0000000083700000, 0x0000000083700000, 0x0000000083800000|  0%| F|  |TAMS 0x0000000083700000| PB 0x0000000083700000| Untracked 
|  56|0x0000000083800000, 0x0000000083900000, 0x0000000083900000|100%|HS|  |TAMS 0x0000000083800000| PB 0x0000000083800000| Complete 
|  57|0x0000000083900000, 0x0000000083900000, 0x0000000083a00000|  0%| F|  |TAMS 0x0000000083900000| PB 0x0000000083900000| Untracked 
|  58|0x0000000083a00000, 0x0000000083b00000, 0x0000000083b00000|100%|HS|  |TAMS 0x0000000083a00000| PB 0x0000000083a00000| Complete 
|  59|0x0000000083b00000, 0x0000000083c00000, 0x0000000083c00000|100%|HC|  |TAMS 0x0000000083b00000| PB 0x0000000083b00000| Complete 
|  60|0x0000000083c00000, 0x0000000083d00000, 0x0000000083d00000|100%|HC|  |TAMS 0x0000000083c00000| PB 0x0000000083c00000| Complete 
|  61|0x0000000083d00000, 0x0000000083e00000, 0x0000000083e00000|100%|HS|  |TAMS 0x0000000083d00000| PB 0x0000000083d00000| Complete 
|  62|0x0000000083e00000, 0x0000000083e00000, 0x0000000083f00000|  0%| F|  |TAMS 0x0000000083e00000| PB 0x0000000083e00000| Untracked 
|  63|0x0000000083f00000, 0x0000000083f00000, 0x0000000084000000|  0%| F|  |TAMS 0x0000000083f00000| PB 0x0000000083f00000| Untracked 
|  64|0x0000000084000000, 0x0000000084000000, 0x0000000084100000|  0%| F|  |TAMS 0x0000000084000000| PB 0x0000000084000000| Untracked 
|  65|0x0000000084100000, 0x0000000084100000, 0x0000000084200000|  0%| F|  |TAMS 0x0000000084100000| PB 0x0000000084100000| Untracked 
|  66|0x0000000084200000, 0x0000000084200000, 0x0000000084300000|  0%| F|  |TAMS 0x0000000084200000| PB 0x0000000084200000| Untracked 
|  67|0x0000000084300000, 0x0000000084300000, 0x0000000084400000|  0%| F|  |TAMS 0x0000000084300000| PB 0x0000000084300000| Untracked 
|  68|0x0000000084400000, 0x0000000084400000, 0x0000000084500000|  0%| F|  |TAMS 0x0000000084400000| PB 0x0000000084400000| Untracked 
|  69|0x0000000084500000, 0x0000000084500000, 0x0000000084600000|  0%| F|  |TAMS 0x0000000084500000| PB 0x0000000084500000| Untracked 
|  70|0x0000000084600000, 0x0000000084600000, 0x0000000084700000|  0%| F|  |TAMS 0x0000000084600000| PB 0x0000000084600000| Untracked 
|  71|0x0000000084700000, 0x0000000084700000, 0x0000000084800000|  0%| F|  |TAMS 0x0000000084700000| PB 0x0000000084700000| Untracked 
|  72|0x0000000084800000, 0x0000000084800000, 0x0000000084900000|  0%| F|  |TAMS 0x0000000084800000| PB 0x0000000084800000| Untracked 
|  73|0x0000000084900000, 0x0000000084900000, 0x0000000084a00000|  0%| F|  |TAMS 0x0000000084900000| PB 0x0000000084900000| Untracked 
|  74|0x0000000084a00000, 0x0000000084a00000, 0x0000000084b00000|  0%| F|  |TAMS 0x0000000084a00000| PB 0x0000000084a00000| Untracked 
|  75|0x0000000084b00000, 0x0000000084b00000, 0x0000000084c00000|  0%| F|  |TAMS 0x0000000084b00000| PB 0x0000000084b00000| Untracked 
|  76|0x0000000084c00000, 0x0000000084c00000, 0x0000000084d00000|  0%| F|  |TAMS 0x0000000084c00000| PB 0x0000000084c00000| Untracked 
|  77|0x0000000084d00000, 0x0000000084d00000, 0x0000000084e00000|  0%| F|  |TAMS 0x0000000084d00000| PB 0x0000000084d00000| Untracked 
|  78|0x0000000084e00000, 0x0000000084e00000, 0x0000000084f00000|  0%| F|  |TAMS 0x0000000084e00000| PB 0x0000000084e00000| Untracked 
|  79|0x0000000084f00000, 0x0000000084f00000, 0x0000000085000000|  0%| F|  |TAMS 0x0000000084f00000| PB 0x0000000084f00000| Untracked 
|  80|0x0000000085000000, 0x0000000085000000, 0x0000000085100000|  0%| F|  |TAMS 0x0000000085000000| PB 0x0000000085000000| Untracked 
|  81|0x0000000085100000, 0x0000000085100000, 0x0000000085200000|  0%| F|  |TAMS 0x0000000085100000| PB 0x0000000085100000| Untracked 
|  82|0x0000000085200000, 0x0000000085200000, 0x0000000085300000|  0%| F|  |TAMS 0x0000000085200000| PB 0x0000000085200000| Untracked 
|  83|0x0000000085300000, 0x0000000085300000, 0x0000000085400000|  0%| F|  |TAMS 0x0000000085300000| PB 0x0000000085300000| Untracked 
|  84|0x0000000085400000, 0x0000000085400000, 0x0000000085500000|  0%| F|  |TAMS 0x0000000085400000| PB 0x0000000085400000| Untracked 
|  85|0x0000000085500000, 0x0000000085500000, 0x0000000085600000|  0%| F|  |TAMS 0x0000000085500000| PB 0x0000000085500000| Untracked 
|  86|0x0000000085600000, 0x0000000085600000, 0x0000000085700000|  0%| F|  |TAMS 0x0000000085600000| PB 0x0000000085600000| Untracked 
|  87|0x0000000085700000, 0x0000000085800000, 0x0000000085800000|100%| S|CS|TAMS 0x0000000085700000| PB 0x0000000085700000| Complete 
|  88|0x0000000085800000, 0x0000000085900000, 0x0000000085900000|100%| S|CS|TAMS 0x0000000085800000| PB 0x0000000085800000| Complete 
|  89|0x0000000085900000, 0x0000000085a00000, 0x0000000085a00000|100%| S|CS|TAMS 0x0000000085900000| PB 0x0000000085900000| Complete 
|  90|0x0000000085a00000, 0x0000000085b00000, 0x0000000085b00000|100%| S|CS|TAMS 0x0000000085a00000| PB 0x0000000085a00000| Complete 
|  91|0x0000000085b00000, 0x0000000085c00000, 0x0000000085c00000|100%| S|CS|TAMS 0x0000000085b00000| PB 0x0000000085b00000| Complete 
|  92|0x0000000085c00000, 0x0000000085d00000, 0x0000000085d00000|100%| S|CS|TAMS 0x0000000085c00000| PB 0x0000000085c00000| Complete 
|  93|0x0000000085d00000, 0x0000000085d00000, 0x0000000085e00000|  0%| F|  |TAMS 0x0000000085d00000| PB 0x0000000085d00000| Untracked 
|  94|0x0000000085e00000, 0x0000000085e00000, 0x0000000085f00000|  0%| F|  |TAMS 0x0000000085e00000| PB 0x0000000085e00000| Untracked 
|  95|0x0000000085f00000, 0x0000000085f00000, 0x0000000086000000|  0%| F|  |TAMS 0x0000000085f00000| PB 0x0000000085f00000| Untracked 
|  96|0x0000000086000000, 0x0000000086000000, 0x0000000086100000|  0%| F|  |TAMS 0x0000000086000000| PB 0x0000000086000000| Untracked 
|  97|0x0000000086100000, 0x0000000086100000, 0x0000000086200000|  0%| F|  |TAMS 0x0000000086100000| PB 0x0000000086100000| Untracked 
|  98|0x0000000086200000, 0x0000000086200000, 0x0000000086300000|  0%| F|  |TAMS 0x0000000086200000| PB 0x0000000086200000| Untracked 
|  99|0x0000000086300000, 0x0000000086300000, 0x0000000086400000|  0%| F|  |TAMS 0x0000000086300000| PB 0x0000000086300000| Untracked 
| 100|0x0000000086400000, 0x0000000086400000, 0x0000000086500000|  0%| F|  |TAMS 0x0000000086400000| PB 0x0000000086400000| Untracked 
| 101|0x0000000086500000, 0x0000000086500000, 0x0000000086600000|  0%| F|  |TAMS 0x0000000086500000| PB 0x0000000086500000| Untracked 
| 102|0x0000000086600000, 0x0000000086600000, 0x0000000086700000|  0%| F|  |TAMS 0x0000000086600000| PB 0x0000000086600000| Untracked 
| 103|0x0000000086700000, 0x0000000086700000, 0x0000000086800000|  0%| F|  |TAMS 0x0000000086700000| PB 0x0000000086700000| Untracked 
| 104|0x0000000086800000, 0x0000000086800000, 0x0000000086900000|  0%| F|  |TAMS 0x0000000086800000| PB 0x0000000086800000| Untracked 
| 105|0x0000000086900000, 0x0000000086900000, 0x0000000086a00000|  0%| F|  |TAMS 0x0000000086900000| PB 0x0000000086900000| Untracked 
| 106|0x0000000086a00000, 0x0000000086a00000, 0x0000000086b00000|  0%| F|  |TAMS 0x0000000086a00000| PB 0x0000000086a00000| Untracked 
| 107|0x0000000086b00000, 0x0000000086b00000, 0x0000000086c00000|  0%| F|  |TAMS 0x0000000086b00000| PB 0x0000000086b00000| Untracked 
| 108|0x0000000086c00000, 0x0000000086c00000, 0x0000000086d00000|  0%| F|  |TAMS 0x0000000086c00000| PB 0x0000000086c00000| Untracked 
| 109|0x0000000086d00000, 0x0000000086d00000, 0x0000000086e00000|  0%| F|  |TAMS 0x0000000086d00000| PB 0x0000000086d00000| Untracked 
| 110|0x0000000086e00000, 0x0000000086e00000, 0x0000000086f00000|  0%| F|  |TAMS 0x0000000086e00000| PB 0x0000000086e00000| Untracked 
| 111|0x0000000086f00000, 0x0000000086f00000, 0x0000000087000000|  0%| F|  |TAMS 0x0000000086f00000| PB 0x0000000086f00000| Untracked 
| 112|0x0000000087000000, 0x0000000087000000, 0x0000000087100000|  0%| F|  |TAMS 0x0000000087000000| PB 0x0000000087000000| Untracked 
| 113|0x0000000087100000, 0x0000000087100000, 0x0000000087200000|  0%| F|  |TAMS 0x0000000087100000| PB 0x0000000087100000| Untracked 
| 114|0x0000000087200000, 0x0000000087200000, 0x0000000087300000|  0%| F|  |TAMS 0x0000000087200000| PB 0x0000000087200000| Untracked 
| 219|0x000000008db00000, 0x000000008db00000, 0x000000008dc00000|  0%| F|  |TAMS 0x000000008db00000| PB 0x000000008db00000| Untracked 
| 220|0x000000008dc00000, 0x000000008dc00000, 0x000000008dd00000|  0%| F|  |TAMS 0x000000008dc00000| PB 0x000000008dc00000| Untracked 
| 221|0x000000008dd00000, 0x000000008dd00000, 0x000000008de00000|  0%| F|  |TAMS 0x000000008dd00000| PB 0x000000008dd00000| Untracked 
| 222|0x000000008de00000, 0x000000008de00000, 0x000000008df00000|  0%| F|  |TAMS 0x000000008de00000| PB 0x000000008de00000| Untracked 
| 223|0x000000008df00000, 0x000000008df00000, 0x000000008e000000|  0%| F|  |TAMS 0x000000008df00000| PB 0x000000008df00000| Untracked 
| 224|0x000000008e000000, 0x000000008e000000, 0x000000008e100000|  0%| F|  |TAMS 0x000000008e000000| PB 0x000000008e000000| Untracked 
| 225|0x000000008e100000, 0x000000008e100000, 0x000000008e200000|  0%| F|  |TAMS 0x000000008e100000| PB 0x000000008e100000| Untracked 
| 226|0x000000008e200000, 0x000000008e200000, 0x000000008e300000|  0%| F|  |TAMS 0x000000008e200000| PB 0x000000008e200000| Untracked 
| 227|0x000000008e300000, 0x000000008e300000, 0x000000008e400000|  0%| F|  |TAMS 0x000000008e300000| PB 0x000000008e300000| Untracked 
| 252|0x000000008fc00000, 0x000000008fcf36d0, 0x000000008fd00000| 95%| E|  |TAMS 0x000000008fc00000| PB 0x000000008fc00000| Complete 
| 253|0x000000008fd00000, 0x000000008fe00000, 0x000000008fe00000|100%| E|CS|TAMS 0x000000008fd00000| PB 0x000000008fd00000| Complete 
|2042|0x00000000ffa00000, 0x00000000ffaaf928, 0x00000000ffb00000| 68%| O|  |TAMS 0x00000000ffa00000| PB 0x00000000ffa00000| Untracked 
|2043|0x00000000ffb00000, 0x00000000ffc00000, 0x00000000ffc00000|100%| O|  |TAMS 0x00000000ffb00000| PB 0x00000000ffb00000| Untracked 
|2044|0x00000000ffc00000, 0x00000000ffd00000, 0x00000000ffd00000|100%| O|  |TAMS 0x00000000ffc00000| PB 0x00000000ffc00000| Untracked 
|2045|0x00000000ffd00000, 0x00000000ffe00000, 0x00000000ffe00000|100%| O|  |TAMS 0x00000000ffd00000| PB 0x00000000ffd00000| Untracked 
|2046|0x00000000ffe00000, 0x00000000fff00000, 0x00000000fff00000|100%| O|  |TAMS 0x00000000ffe00000| PB 0x00000000ffe00000| Untracked 
|2047|0x00000000fff00000, 0x0000000100000000, 0x0000000100000000|100%| O|  |TAMS 0x00000000fff00000| PB 0x00000000fff00000| Untracked 

Card table byte_map: [0x0000017eea020000,0x0000017eea420000] _byte_map_base: 0x0000017ee9c20000

Marking Bits: (CMBitMap*) 0x0000017ed56d0880
 Bits: [0x0000017eea420000, 0x0000017eec420000)

Polling page: 0x0000017ed5320000

Metaspace:

Usage:
  Non-class:     58.45 MB used.
      Class:      9.17 MB used.
       Both:     67.63 MB used.

Virtual space:
  Non-class space:       64.00 MB reserved,      59.38 MB ( 93%) committed,  1 nodes.
      Class space:        1.00 GB reserved,      10.00 MB ( <1%) committed,  1 nodes.
             Both:        1.06 GB reserved,      69.38 MB (  6%) committed. 

Chunk freelists:
   Non-Class:  4.42 MB
       Class:  6.05 MB
        Both:  10.47 MB

MaxMetaspaceSize: unlimited
CompressedClassSpaceSize: 1.00 GB
Initial GC threshold: 21.00 MB
Current GC threshold: 111.25 MB
CDS: off
 - commit_granule_bytes: 65536.
 - commit_granule_words: 8192.
 - virtual_space_node_default_size: 8388608.
 - enlarge_chunks_in_place: 1.
 - use_allocation_guard: 0.


Internal statistics:

num_allocs_failed_limit: 9.
num_arena_births: 3148.
num_arena_deaths: 0.
num_vsnodes_births: 2.
num_vsnodes_deaths: 0.
num_space_committed: 1110.
num_space_uncommitted: 0.
num_chunks_returned_to_freelist: 9.
num_chunks_taken_from_freelist: 5966.
num_chunk_merges: 9.
num_chunk_splits: 3882.
num_chunks_enlarged: 2414.
num_inconsistent_stats: 0.

CodeHeap 'non-profiled nmethods': size=120000Kb used=4409Kb max_used=4581Kb free=115590Kb
 bounds [0x0000017ee1a60000, 0x0000017ee1ee0000, 0x0000017ee8f90000]
CodeHeap 'profiled nmethods': size=120000Kb used=13421Kb max_used=13616Kb free=106578Kb
 bounds [0x0000017ed9f90000, 0x0000017edace0000, 0x0000017ee14c0000]
CodeHeap 'non-nmethods': size=5760Kb used=1990Kb max_used=2067Kb free=3770Kb
 bounds [0x0000017ee14c0000, 0x0000017ee1730000, 0x0000017ee1a60000]
 total_blobs=8133 nmethods=7371 adapters=666
 compilation: enabled
              stopped_count=0, restarted_count=0
 full_count=0

Compilation events (20 events):
Event: 6.170 Thread 0x0000017eef3876e0 nmethod 8266 0x0000017eda4c5b90 code [0x0000017eda4c5fe0, 0x0000017eda4c7f50]
Event: 6.170 Thread 0x0000017eef3876e0 8267       3       jdk.internal.loader.URLClassPath::findResource (38 bytes)
Event: 6.170 Thread 0x0000017eef3876e0 nmethod 8267 0x0000017eda4c5390 code [0x0000017eda4c5560, 0x0000017eda4c58a0]
Event: 6.172 Thread 0x0000017eef3876e0 8268       3       java.lang.String::lastIndexOf (104 bytes)
Event: 6.172 Thread 0x0000017eef3876e0 nmethod 8268 0x0000017eda55a610 code [0x0000017eda55a840, 0x0000017eda55ad70]
Event: 6.172 Thread 0x0000017eef3876e0 8269       3       java.lang.StringLatin1::lastIndexOf (125 bytes)
Event: 6.172 Thread 0x0000017eef3876e0 nmethod 8269 0x0000017eda559d90 code [0x0000017eda559f60, 0x0000017eda55a3a8]
Event: 6.172 Thread 0x0000017eef3876e0 8271   !   3       jdk.internal.loader.URLClassPath::check (123 bytes)
Event: 6.173 Thread 0x0000017eef3876e0 nmethod 8271 0x0000017eda559910 code [0x0000017eda559ac0, 0x0000017eda559c90]
Event: 6.173 Thread 0x0000017eef3876e0 8270       3       com.google.common.cache.LocalCache$LocalLoadingCache::get (9 bytes)
Event: 6.173 Thread 0x0000017eef3876e0 nmethod 8270 0x0000017eda2bdc90 code [0x0000017eda2bde40, 0x0000017eda2be018]
Event: 6.182 Thread 0x0000017ef5c8c010 8272       4       org.objectweb.asm.MethodVisitor::visitMethodInsn (80 bytes)
Event: 6.182 Thread 0x0000017eef3876e0 8273       3       org.gradle.internal.instantiation.generator.AsmBackedClassGenerator$ClassBuilderImpl::access$7500 (4 bytes)
Event: 6.182 Thread 0x0000017eef3876e0 nmethod 8273 0x0000017eda434290 code [0x0000017eda434420, 0x0000017eda434518]
Event: 6.183 Thread 0x0000017ef5c8c010 nmethod 8272 0x0000017ee1bc4390 code [0x0000017ee1bc4540, 0x0000017ee1bc4698]
Event: 6.184 Thread 0x0000017eef3876e0 8274       3       org.gradle.internal.classloader.VisitableURLClassLoader$InstrumentingVisitableURLClassLoader::instrumentClass (10 bytes)
Event: 6.184 Thread 0x0000017eef3876e0 nmethod 8274 0x0000017eda2bd210 code [0x0000017eda2bd420, 0x0000017eda2bd9b8]
Event: 6.184 Thread 0x0000017eef3876e0 8275   !   3       org.gradle.internal.classloader.TransformReplacer::getInstrumentedClass (34 bytes)
Event: 6.184 Thread 0x0000017eef3876e0 nmethod 8275 0x0000017eda2bc890 code [0x0000017eda2bcaa0, 0x0000017eda2bcfb0]
Event: 6.184 Thread 0x0000017eef3876e0 8276   !   3       org.gradle.internal.classloader.VisitableURLClassLoader$InstrumentingVisitableURLClassLoader::findClass (36 bytes)

GC Heap History (20 events):
Event: 3.503 GC heap before
{Heap before GC invocations=10 (full 0):
 garbage-first heap   total 82944K, used 68926K [0x0000000080000000, 0x0000000100000000)
  region size 1024K, 47 young (48128K), 6 survivors (6144K)
 Metaspace       used 46638K, committed 47872K, reserved 1114112K
  class space    used 6225K, committed 6848K, reserved 1048576K
}
Event: 3.508 GC heap after
{Heap after GC invocations=11 (full 0):
 garbage-first heap   total 82944K, used 31464K [0x0000000080000000, 0x0000000100000000)
  region size 1024K, 6 young (6144K), 6 survivors (6144K)
 Metaspace       used 46638K, committed 47872K, reserved 1114112K
  class space    used 6225K, committed 6848K, reserved 1048576K
}
Event: 3.737 GC heap before
{Heap before GC invocations=11 (full 0):
 garbage-first heap   total 82944K, used 71400K [0x0000000080000000, 0x0000000100000000)
  region size 1024K, 45 young (46080K), 6 survivors (6144K)
 Metaspace       used 48726K, committed 50048K, reserved 1114112K
  class space    used 6571K, committed 7232K, reserved 1048576K
}
Event: 3.741 GC heap after
{Heap after GC invocations=12 (full 0):
 garbage-first heap   total 100352K, used 34366K [0x0000000080000000, 0x0000000100000000)
  region size 1024K, 3 young (3072K), 3 survivors (3072K)
 Metaspace       used 48726K, committed 50048K, reserved 1114112K
  class space    used 6571K, committed 7232K, reserved 1048576K
}
Event: 4.282 GC heap before
{Heap before GC invocations=12 (full 0):
 garbage-first heap   total 100352K, used 89662K [0x0000000080000000, 0x0000000100000000)
  region size 1024K, 55 young (56320K), 3 survivors (3072K)
 Metaspace       used 56481K, committed 57984K, reserved 1114112K
  class space    used 7588K, committed 8320K, reserved 1048576K
}
Event: 4.285 GC heap after
{Heap after GC invocations=13 (full 0):
 garbage-first heap   total 100352K, used 36098K [0x0000000080000000, 0x0000000100000000)
  region size 1024K, 5 young (5120K), 5 survivors (5120K)
 Metaspace       used 56481K, committed 57984K, reserved 1114112K
  class space    used 7588K, committed 8320K, reserved 1048576K
}
Event: 4.459 GC heap before
{Heap before GC invocations=13 (full 0):
 garbage-first heap   total 100352K, used 51458K [0x0000000080000000, 0x0000000100000000)
  region size 1024K, 21 young (21504K), 5 survivors (5120K)
 Metaspace       used 58529K, committed 60096K, reserved 1114112K
  class space    used 7899K, committed 8704K, reserved 1048576K
}
Event: 4.462 GC heap after
{Heap after GC invocations=14 (full 0):
 garbage-first heap   total 100352K, used 36938K [0x0000000080000000, 0x0000000100000000)
  region size 1024K, 3 young (3072K), 3 survivors (3072K)
 Metaspace       used 58529K, committed 60096K, reserved 1114112K
  class space    used 7899K, committed 8704K, reserved 1048576K
}
Event: 5.095 GC heap before
{Heap before GC invocations=15 (full 0):
 garbage-first heap   total 100352K, used 87114K [0x0000000080000000, 0x0000000100000000)
  region size 1024K, 52 young (53248K), 3 survivors (3072K)
 Metaspace       used 64956K, committed 66624K, reserved 1114112K
  class space    used 8909K, committed 9728K, reserved 1048576K
}
Event: 5.099 GC heap after
{Heap after GC invocations=16 (full 0):
 garbage-first heap   total 100352K, used 40637K [0x0000000080000000, 0x0000000100000000)
  region size 1024K, 7 young (7168K), 7 survivors (7168K)
 Metaspace       used 64956K, committed 66624K, reserved 1114112K
  class space    used 8909K, committed 9728K, reserved 1048576K
}
Event: 5.462 GC heap before
{Heap before GC invocations=16 (full 0):
 garbage-first heap   total 100352K, used 84669K [0x0000000080000000, 0x0000000100000000)
  region size 1024K, 51 young (52224K), 7 survivors (7168K)
 Metaspace       used 66159K, committed 67840K, reserved 1114112K
  class space    used 9036K, committed 9856K, reserved 1048576K
}
Event: 5.468 GC heap after
{Heap after GC invocations=17 (full 0):
 garbage-first heap   total 100352K, used 44562K [0x0000000080000000, 0x0000000100000000)
  region size 1024K, 6 young (6144K), 6 survivors (6144K)
 Metaspace       used 66159K, committed 67840K, reserved 1114112K
  class space    used 9036K, committed 9856K, reserved 1048576K
}
Event: 5.616 GC heap before
{Heap before GC invocations=17 (full 0):
 garbage-first heap   total 100352K, used 86546K [0x0000000080000000, 0x0000000100000000)
  region size 1024K, 48 young (49152K), 6 survivors (6144K)
 Metaspace       used 66602K, committed 68224K, reserved 1114112K
  class space    used 9065K, committed 9856K, reserved 1048576K
}
Event: 5.619 GC heap after
{Heap after GC invocations=18 (full 0):
 garbage-first heap   total 100352K, used 45888K [0x0000000080000000, 0x0000000100000000)
  region size 1024K, 4 young (4096K), 4 survivors (4096K)
 Metaspace       used 66602K, committed 68224K, reserved 1114112K
  class space    used 9065K, committed 9856K, reserved 1048576K
}
Event: 5.717 GC heap before
{Heap before GC invocations=18 (full 0):
 garbage-first heap   total 100352K, used 86848K [0x0000000080000000, 0x0000000100000000)
  region size 1024K, 45 young (46080K), 4 survivors (4096K)
 Metaspace       used 66743K, committed 68352K, reserved 1114112K
  class space    used 9065K, committed 9856K, reserved 1048576K
}
Event: 5.719 GC heap after
{Heap after GC invocations=19 (full 0):
 garbage-first heap   total 100352K, used 46738K [0x0000000080000000, 0x0000000100000000)
  region size 1024K, 5 young (5120K), 5 survivors (5120K)
 Metaspace       used 66743K, committed 68352K, reserved 1114112K
  class space    used 9065K, committed 9856K, reserved 1048576K
}
Event: 5.856 GC heap before
{Heap before GC invocations=20 (full 0):
 garbage-first heap   total 100352K, used 86674K [0x0000000080000000, 0x0000000100000000)
  region size 1024K, 45 young (46080K), 5 survivors (5120K)
 Metaspace       used 66942K, committed 68608K, reserved 1114112K
  class space    used 9099K, committed 9920K, reserved 1048576K
}
Event: 5.860 GC heap after
{Heap after GC invocations=21 (full 0):
 garbage-first heap   total 100352K, used 47832K [0x0000000080000000, 0x0000000100000000)
  region size 1024K, 5 young (5120K), 5 survivors (5120K)
 Metaspace       used 66942K, committed 68608K, reserved 1114112K
  class space    used 9099K, committed 9920K, reserved 1048576K
}
Event: 6.176 GC heap before
{Heap before GC invocations=21 (full 0):
 garbage-first heap   total 100352K, used 98008K [0x0000000080000000, 0x0000000100000000)
  region size 1024K, 41 young (41984K), 5 survivors (5120K)
 Metaspace       used 69027K, committed 70720K, reserved 1114112K
  class space    used 9369K, committed 10176K, reserved 1048576K
}
Event: 6.181 GC heap after
{Heap after GC invocations=22 (full 0):
 garbage-first heap   total 135168K, used 68286K [0x0000000080000000, 0x0000000100000000)
  region size 1024K, 6 young (6144K), 6 survivors (6144K)
 Metaspace       used 69027K, committed 70720K, reserved 1114112K
  class space    used 9369K, committed 10176K, reserved 1048576K
}

Dll operation events (3 events):
Event: 0.008 Loaded shared library C:\Program Files\Android\Android Studio\jbr\bin\java.dll
Event: 0.013 Loaded shared library C:\Program Files\Android\Android Studio\jbr\bin\zip.dll
Event: 0.416 Loaded shared library C:\Program Files\Android\Android Studio\jbr\bin\verify.dll

Deoptimization events (20 events):
Event: 6.137 Thread 0x0000017ef530c7e0 DEOPT PACKING pc=0x0000017ee1b0ff38 sp=0x0000005571df4c10
Event: 6.137 Thread 0x0000017ef530c7e0 DEOPT UNPACKING pc=0x0000017ee15146a2 sp=0x0000005571df4bc8 mode 2
Event: 6.168 Thread 0x0000017ef530c7e0 Uncommon trap: trap_request=0xffffffc6 fr.pc=0x0000017ee1c1c114 relative=0x0000000000000414
Event: 6.168 Thread 0x0000017ef530c7e0 Uncommon trap: reason=bimorphic_or_optimized_type_check action=maybe_recompile pc=0x0000017ee1c1c114 method=com.google.common.cache.LocalCache$Segment.getEntry(Ljava/lang/Object;I)Lcom/google/common/cache/ReferenceEntry; @ 24 c2
Event: 6.168 Thread 0x0000017ef530c7e0 DEOPT PACKING pc=0x0000017ee1c1c114 sp=0x0000005571df6c70
Event: 6.168 Thread 0x0000017ef530c7e0 DEOPT UNPACKING pc=0x0000017ee15146a2 sp=0x0000005571df6c08 mode 2
Event: 6.169 Thread 0x0000017ef530c7e0 DEOPT PACKING pc=0x0000017ed9fcc55e sp=0x0000005571df6d70
Event: 6.169 Thread 0x0000017ef530c7e0 DEOPT UNPACKING pc=0x0000017ee1514e42 sp=0x0000005571df6258 mode 0
Event: 6.169 Thread 0x0000017ef530c7e0 Uncommon trap: trap_request=0xffffffc6 fr.pc=0x0000017ee1c1c114 relative=0x0000000000000414
Event: 6.169 Thread 0x0000017ef530c7e0 Uncommon trap: reason=bimorphic_or_optimized_type_check action=maybe_recompile pc=0x0000017ee1c1c114 method=com.google.common.cache.LocalCache$Segment.getEntry(Ljava/lang/Object;I)Lcom/google/common/cache/ReferenceEntry; @ 24 c2
Event: 6.169 Thread 0x0000017ef530c7e0 DEOPT PACKING pc=0x0000017ee1c1c114 sp=0x0000005571df6c70
Event: 6.169 Thread 0x0000017ef530c7e0 DEOPT UNPACKING pc=0x0000017ee15146a2 sp=0x0000005571df6c08 mode 2
Event: 6.170 Thread 0x0000017ef530c7e0 Uncommon trap: trap_request=0xffffffc6 fr.pc=0x0000017ee1c1c114 relative=0x0000000000000414
Event: 6.170 Thread 0x0000017ef530c7e0 Uncommon trap: reason=bimorphic_or_optimized_type_check action=maybe_recompile pc=0x0000017ee1c1c114 method=com.google.common.cache.LocalCache$Segment.getEntry(Ljava/lang/Object;I)Lcom/google/common/cache/ReferenceEntry; @ 24 c2
Event: 6.170 Thread 0x0000017ef530c7e0 DEOPT PACKING pc=0x0000017ee1c1c114 sp=0x0000005571df6c70
Event: 6.170 Thread 0x0000017ef530c7e0 DEOPT UNPACKING pc=0x0000017ee15146a2 sp=0x0000005571df6c08 mode 2
Event: 6.171 Thread 0x0000017ef530c7e0 Uncommon trap: trap_request=0xffffffc6 fr.pc=0x0000017ee1c1c114 relative=0x0000000000000414
Event: 6.171 Thread 0x0000017ef530c7e0 Uncommon trap: reason=bimorphic_or_optimized_type_check action=maybe_recompile pc=0x0000017ee1c1c114 method=com.google.common.cache.LocalCache$Segment.getEntry(Ljava/lang/Object;I)Lcom/google/common/cache/ReferenceEntry; @ 24 c2
Event: 6.171 Thread 0x0000017ef530c7e0 DEOPT PACKING pc=0x0000017ee1c1c114 sp=0x0000005571df6c70
Event: 6.171 Thread 0x0000017ef530c7e0 DEOPT UNPACKING pc=0x0000017ee15146a2 sp=0x0000005571df6c08 mode 2

Classes loaded (20 events):
Event: 4.922 Loading class sun/reflect/ReflectionFactory$1
Event: 4.922 Loading class sun/reflect/ReflectionFactory$1 done
Event: 5.203 Loading class java/util/Collections$ReverseComparator
Event: 5.203 Loading class java/util/Collections$ReverseComparator done
Event: 5.203 Loading class java/util/Collections$ReverseComparator2
Event: 5.203 Loading class java/util/Collections$ReverseComparator2 done
Event: 5.834 Loading class java/util/stream/SortedOps$RefSortingSink
Event: 5.834 Loading class java/util/stream/SortedOps$RefSortingSink done
Event: 5.842 Loading class java/time/Ser
Event: 5.843 Loading class java/time/Ser done
Event: 5.940 Loading class java/lang/ProcessBuilder
Event: 5.941 Loading class java/lang/ProcessBuilder done
Event: 6.024 Loading class java/lang/ThreadDeath
Event: 6.024 Loading class java/lang/ThreadDeath done
Event: 6.024 Loading class sun/misc/SharedSecrets
Event: 6.024 Loading class sun/misc/SharedSecrets done
Event: 6.026 Loading class sun/invoke/util/ValueConversions$1
Event: 6.026 Loading class sun/invoke/util/ValueConversions$1 done
Event: 6.027 Loading class java/lang/invoke/BoundMethodHandle$Species_LI
Event: 6.027 Loading class java/lang/invoke/BoundMethodHandle$Species_LI done

Classes unloaded (0 events):
No events

Classes redefined (0 events):
No events

Internal exceptions (20 events):
Event: 5.830 Thread 0x0000017ef530c7e0 Exception <a 'java/lang/NoSuchMethodError'{0x0000000083c3fbc8}: 'void java.lang.invoke.DirectMethodHandle$Holder.invokeInterface(java.lang.Object, java.lang.Object, java.lang.Object, java.lang.Object)'> (0x0000000083c3fbc8) 
thrown [s\src\hotspot\share\interpreter\linkResolver.cpp, line 784]
Event: 5.832 Thread 0x0000017ef530c7e0 Exception <a 'java/lang/NoSuchMethodError'{0x0000000083c63470}: 'long java.lang.invoke.DirectMethodHandle$Holder.invokeVirtual(java.lang.Object, java.lang.Object)'> (0x0000000083c63470) 
thrown [s\src\hotspot\share\interpreter\linkResolver.cpp, line 784]
Event: 5.836 Thread 0x0000017ef559b800 Exception <a 'java/lang/NoSuchMethodError'{0x0000000083c90a90}: static Lorg/gradle/internal/build/event/types/DefaultOperationFinishedProgressEvent;.<clinit>()V> (0x0000000083c90a90) 
thrown [s\src\hotspot\share\prims\jni.cpp, line 1139]
Event: 5.838 Thread 0x0000017ef559b800 Exception <a 'java/lang/NoSuchMethodError'{0x0000000083cfee60}: static Lorg/gradle/internal/build/event/types/DefaultProjectConfigurationSuccessResult;.<clinit>()V> (0x0000000083cfee60) 
thrown [s\src\hotspot\share\prims\jni.cpp, line 1139]
Event: 5.839 Thread 0x0000017ef559b800 Exception <a 'java/lang/NoSuchMethodError'{0x0000000083b003c0}: static Lorg/gradle/internal/build/event/types/AbstractProjectConfigurationResult;.<clinit>()V> (0x0000000083b003c0) 
thrown [s\src\hotspot\share\prims\jni.cpp, line 1139]
Event: 5.839 Thread 0x0000017ef559b800 Exception <a 'java/lang/NoSuchMethodError'{0x0000000083b01bb8}: static Lorg/gradle/internal/build/event/types/AbstractOperationResult;.<clinit>()V> (0x0000000083b01bb8) 
thrown [s\src\hotspot\share\prims\jni.cpp, line 1139]
Event: 5.839 Thread 0x0000017ef559b800 Exception <a 'java/lang/NoSuchMethodError'{0x0000000083b02ff8}: static Lorg/gradle/internal/build/event/types/AbstractResult;.<clinit>()V> (0x0000000083b02ff8) 
thrown [s\src\hotspot\share\prims\jni.cpp, line 1139]
Event: 5.841 Thread 0x0000017ef559b800 Exception <a 'java/lang/NoSuchMethodError'{0x0000000083b1be08}: static Lorg/gradle/internal/build/event/types/DefaultPluginApplicationResult;.<clinit>()V> (0x0000000083b1be08) 
thrown [s\src\hotspot\share\prims\jni.cpp, line 1139]
Event: 5.841 Thread 0x0000017ef559b800 Exception <a 'java/lang/NoSuchMethodError'{0x0000000083b282f8}: static Lorg/gradle/internal/build/event/types/DefaultBinaryPluginIdentifier;.<clinit>()V> (0x0000000083b282f8) 
thrown [s\src\hotspot\share\prims\jni.cpp, line 1139]
Event: 5.844 Thread 0x0000017ef559b800 Exception <a 'java/lang/NoSuchMethodError'{0x0000000083bc6f28}: static Lorg/gradle/internal/build/event/types/DefaultScriptPluginIdentifier;.<clinit>()V> (0x0000000083bc6f28) 
thrown [s\src\hotspot\share\prims\jni.cpp, line 1139]
Event: 5.892 Thread 0x0000017ef530c7e0 Implicit null exception at 0x0000017ee1e12460 to 0x0000017ee1e12980
Event: 5.934 Thread 0x0000017ef530c7e0 Exception <a 'java/lang/NoSuchMethodError'{0x000000008e0c0a10}: 'void java.lang.invoke.Invokers$Holder.invoke_MT(java.lang.Object, java.lang.Object, java.lang.Object, java.lang.Object)'> (0x000000008e0c0a10) 
thrown [s\src\hotspot\share\interpreter\linkResolver.cpp, line 784]
Event: 5.940 Thread 0x0000017ef530c7e0 Exception <a 'java/lang/NoSuchMethodError'{0x000000008df2cbf8}: 'java.lang.Object java.lang.invoke.DirectMethodHandle$Holder.invokeStaticInit(java.lang.Object, java.lang.Object, java.lang.Object, java.lang.Object, java.lang.Object, java.lang.Object, java.lang.Object)'> (0x000000008df2cbf8) 
thrown [s\src\hotspot\share\interpreter\linkResolver.cpp, line 784]
Event: 5.943 Thread 0x0000017ef530c7e0 Exception <a 'java/lang/NoSuchMethodError'{0x000000008df52490}: 'java.lang.Object java.lang.invoke.DirectMethodHandle$Holder.invokeSpecial(java.lang.Object, java.lang.Object, java.lang.Object, int, java.lang.Object, java.lang.Object)'> (0x000000008df52490) 
thrown [s\src\hotspot\share\interpreter\linkResolver.cpp, line 784]
Event: 6.025 Thread 0x0000017ef530c7e0 Exception <a 'java/lang/ClassNotFoundException'{0x000000008520ba60}: sun/misc/SharedSecrets> (0x000000008520ba60) 
thrown [s\src\hotspot\share\classfile\systemDictionary.cpp, line 312]
Event: 6.025 Thread 0x0000017ef530c7e0 Exception <a 'java/lang/ClassNotFoundException'{0x000000008520d078}: org/gradle/api/internal/plugins/DefaultObjectConfigurationActionBeanInfo> (0x000000008520d078) 
thrown [s\src\hotspot\share\classfile\systemDictionary.cpp, line 312]
Event: 6.025 Thread 0x0000017ef530c7e0 Exception <a 'java/lang/ClassNotFoundException'{0x0000000085220ef8}: org/gradle/api/internal/plugins/DefaultObjectConfigurationActionCustomizer> (0x0000000085220ef8) 
thrown [s\src\hotspot\share\classfile\systemDictionary.cpp, line 312]
Event: 6.026 Thread 0x0000017ef530c7e0 Implicit null exception at 0x0000017ee1ba6911 to 0x0000017ee1ba6bb0
Event: 6.027 Thread 0x0000017ef530c7e0 Exception <a 'java/lang/NoSuchMethodError'{0x000000008522e438}: 'int java.lang.invoke.DirectMethodHandle$Holder.invokeSpecial(java.lang.Object, java.lang.Object, java.lang.Object, int)'> (0x000000008522e438) 
thrown [s\src\hotspot\share\interpreter\linkResolver.cpp, line 784]
Event: 6.027 Thread 0x0000017ef530c7e0 Exception <a 'java/lang/NoSuchMethodError'{0x000000008523f580}: 'java.lang.Object java.lang.invoke.DirectMethodHandle$Holder.invokeStatic(java.lang.Object, java.lang.Object, java.lang.Object, java.lang.Object, int)'> (0x000000008523f580) 
thrown [s\src\hotspot\share\interpreter\linkResolver.cpp, line 784]

ZGC Phase Switch (0 events):
No events

VM Operations (20 events):
Event: 5.462 Executing VM operation: G1CollectForAllocation (G1 Evacuation Pause)
Event: 5.468 Executing VM operation: G1CollectForAllocation (G1 Evacuation Pause) done
Event: 5.580 Executing VM operation: ICBufferFull
Event: 5.580 Executing VM operation: ICBufferFull done
Event: 5.580 Executing VM operation: ICBufferFull
Event: 5.580 Executing VM operation: ICBufferFull done
Event: 5.615 Executing VM operation: G1CollectForAllocation (G1 Evacuation Pause)
Event: 5.619 Executing VM operation: G1CollectForAllocation (G1 Evacuation Pause) done
Event: 5.717 Executing VM operation: G1CollectForAllocation (G1 Evacuation Pause)
Event: 5.719 Executing VM operation: G1CollectForAllocation (G1 Evacuation Pause) done
Event: 5.750 Executing VM operation: G1PauseRemark
Event: 5.753 Executing VM operation: G1PauseRemark done
Event: 5.761 Executing VM operation: G1PauseCleanup
Event: 5.762 Executing VM operation: G1PauseCleanup done
Event: 5.855 Executing VM operation: G1CollectForAllocation (G1 Evacuation Pause)
Event: 5.860 Executing VM operation: G1CollectForAllocation (G1 Evacuation Pause) done
Event: 5.976 Executing VM operation: HandshakeAllThreads (Deoptimize)
Event: 5.976 Executing VM operation: HandshakeAllThreads (Deoptimize) done
Event: 6.176 Executing VM operation: G1CollectForAllocation (G1 Evacuation Pause)
Event: 6.181 Executing VM operation: G1CollectForAllocation (G1 Evacuation Pause) done

Memory protections (0 events):
No events

Nmethod flushes (20 events):
Event: 5.752 Thread 0x0000017eef2fe3e0 flushing  nmethod 0x0000017eda205f90
Event: 5.752 Thread 0x0000017eef2fe3e0 flushing  nmethod 0x0000017eda206690
Event: 5.752 Thread 0x0000017eef2fe3e0 flushing  nmethod 0x0000017eda207190
Event: 5.752 Thread 0x0000017eef2fe3e0 flushing  nmethod 0x0000017eda27a090
Event: 5.752 Thread 0x0000017eef2fe3e0 flushing  nmethod 0x0000017eda2a7890
Event: 5.752 Thread 0x0000017eef2fe3e0 flushing  nmethod 0x0000017eda2b4090
Event: 5.752 Thread 0x0000017eef2fe3e0 flushing  nmethod 0x0000017eda376b10
Event: 5.752 Thread 0x0000017eef2fe3e0 flushing  nmethod 0x0000017eda407e90
Event: 5.752 Thread 0x0000017eef2fe3e0 flushing  nmethod 0x0000017eda434290
Event: 5.752 Thread 0x0000017eef2fe3e0 flushing  nmethod 0x0000017eda434910
Event: 5.752 Thread 0x0000017eef2fe3e0 flushing  nmethod 0x0000017eda4bb610
Event: 5.752 Thread 0x0000017eef2fe3e0 flushing  nmethod 0x0000017eda4c0b90
Event: 5.752 Thread 0x0000017eef2fe3e0 flushing  nmethod 0x0000017eda4c5390
Event: 5.752 Thread 0x0000017eef2fe3e0 flushing  nmethod 0x0000017eda575a10
Event: 5.752 Thread 0x0000017eef2fe3e0 flushing  nmethod 0x0000017eda651190
Event: 5.752 Thread 0x0000017eef2fe3e0 flushing  nmethod 0x0000017eda651590
Event: 5.752 Thread 0x0000017eef2fe3e0 flushing  nmethod 0x0000017eda6b8e10
Event: 5.752 Thread 0x0000017eef2fe3e0 flushing  nmethod 0x0000017eda6bfc90
Event: 5.752 Thread 0x0000017eef2fe3e0 flushing  nmethod 0x0000017eda6c0690
Event: 5.752 Thread 0x0000017eef2fe3e0 flushing  nmethod 0x0000017eda6c0a10

Events (20 events):
Event: 5.354 Thread 0x0000017ef530c7e0 Thread added: 0x0000017eef57aa70
Event: 5.355 Thread 0x0000017ef530c7e0 Thread added: 0x0000017eef574e90
Event: 5.356 Thread 0x0000017ef530c7e0 Thread added: 0x0000017eef57b790
Event: 5.359 Thread 0x0000017ef530c7e0 Thread added: 0x0000017eef57c4b0
Event: 5.360 Thread 0x0000017ef530c7e0 Thread added: 0x0000017eef575520
Event: 5.362 Thread 0x0000017ef530c7e0 Thread added: 0x0000017eef576240
Event: 5.364 Thread 0x0000017ef530c7e0 Thread added: 0x0000017eef575bb0
Event: 5.365 Thread 0x0000017ef530c7e0 Thread added: 0x0000017eef5768d0
Event: 5.366 Thread 0x0000017ef530c7e0 Thread added: 0x0000017eef57a3e0
Event: 5.523 Thread 0x0000017ef530c7e0 Thread added: 0x0000017eef5775f0
Event: 5.524 Thread 0x0000017ef530c7e0 Thread added: 0x0000017eef577c80
Event: 5.524 Thread 0x0000017ef530c7e0 Thread added: 0x0000017eef578310
Event: 5.525 Thread 0x0000017ef530c7e0 Thread added: 0x0000017eef5789a0
Event: 5.525 Thread 0x0000017ef530c7e0 Thread added: 0x0000017eef5796c0
Event: 5.525 Thread 0x0000017ef530c7e0 Thread added: 0x0000017eef57b100
Event: 5.526 Thread 0x0000017ef530c7e0 Thread added: 0x0000017ef7ad80c0
Event: 5.526 Thread 0x0000017ef530c7e0 Thread added: 0x0000017ef7adcf80
Event: 5.526 Thread 0x0000017ef530c7e0 Thread added: 0x0000017ef7ad7a30
Event: 5.526 Thread 0x0000017ef530c7e0 Thread added: 0x0000017ef7ada190
Event: 5.527 Thread 0x0000017ef530c7e0 Thread added: 0x0000017ef7ad8750


Dynamic libraries:
0x00007ff7e0e50000 - 0x00007ff7e0e5a000 	C:\Program Files\Android\Android Studio\jbr\bin\java.exe
0x00007ffdf1230000 - 0x00007ffdf1425000 	C:\Windows\SYSTEM32\ntdll.dll
0x00007ffdef560000 - 0x00007ffdef61d000 	C:\Windows\System32\KERNEL32.DLL
0x00007ffdeefb0000 - 0x00007ffdef27d000 	C:\Windows\System32\KERNELBASE.dll
0x00007ffdeea50000 - 0x00007ffdeeb50000 	C:\Windows\System32\ucrtbase.dll
0x00007ffdead70000 - 0x00007ffdead88000 	C:\Program Files\Android\Android Studio\jbr\bin\jli.dll
0x00007ffdeabe0000 - 0x00007ffdeabfb000 	C:\Program Files\Android\Android Studio\jbr\bin\VCRUNTIME140.dll
0x00007ffdf1050000 - 0x00007ffdf11f0000 	C:\Windows\System32\USER32.dll
0x00007ffdeeb50000 - 0x00007ffdeeb72000 	C:\Windows\System32\win32u.dll
0x00007ffdd48a0000 - 0x00007ffdd4b3a000 	C:\Windows\WinSxS\amd64_microsoft.windows.common-controls_6595b64144ccf1df_6.0.19041.1110_none_60b5254171f9507e\COMCTL32.dll
0x00007ffdef880000 - 0x00007ffdef8aa000 	C:\Windows\System32\GDI32.dll
0x00007ffdf0b50000 - 0x00007ffdf0bee000 	C:\Windows\System32\msvcrt.dll
0x00007ffdeec30000 - 0x00007ffdeed3b000 	C:\Windows\System32\gdi32full.dll
0x00007ffdee9b0000 - 0x00007ffdeea4d000 	C:\Windows\System32\msvcp_win.dll
0x00007ffdf0420000 - 0x00007ffdf0450000 	C:\Windows\System32\IMM32.DLL
0x00007ffdeac10000 - 0x00007ffdeac1c000 	C:\Program Files\Android\Android Studio\jbr\bin\vcruntime140_1.dll
0x00007ffdd7aa0000 - 0x00007ffdd7b2d000 	C:\Program Files\Android\Android Studio\jbr\bin\msvcp140.dll
0x00007ffd60d80000 - 0x00007ffd61a0b000 	C:\Program Files\Android\Android Studio\jbr\bin\server\jvm.dll
0x00007ffdef450000 - 0x00007ffdef4fe000 	C:\Windows\System32\ADVAPI32.dll
0x00007ffdef3b0000 - 0x00007ffdef44c000 	C:\Windows\System32\sechost.dll
0x00007ffdef8b0000 - 0x00007ffdef9d5000 	C:\Windows\System32\RPCRT4.dll
0x00007ffdef9e0000 - 0x00007ffdefa4b000 	C:\Windows\System32\WS2_32.dll
0x00007ffdee630000 - 0x00007ffdee67b000 	C:\Windows\SYSTEM32\POWRPROF.dll
0x00007ffdd63a0000 - 0x00007ffdd63c7000 	C:\Windows\SYSTEM32\WINMM.dll
0x00007ffde87f0000 - 0x00007ffde87fa000 	C:\Windows\SYSTEM32\VERSION.dll
0x00007ffdee610000 - 0x00007ffdee622000 	C:\Windows\SYSTEM32\UMPDC.dll
0x00007ffded140000 - 0x00007ffded152000 	C:\Windows\SYSTEM32\kernel.appcore.dll
0x00007ffdeabd0000 - 0x00007ffdeabda000 	C:\Program Files\Android\Android Studio\jbr\bin\jimage.dll
0x00007ffdecca0000 - 0x00007ffdece84000 	C:\Windows\SYSTEM32\DBGHELP.DLL
0x00007ffdd6530000 - 0x00007ffdd655c000 	C:\Windows\SYSTEM32\dbgcore.DLL
0x00007ffdeeef0000 - 0x00007ffdeef72000 	C:\Windows\System32\bcryptPrimitives.dll
0x00007ffdead60000 - 0x00007ffdead6e000 	C:\Program Files\Android\Android Studio\jbr\bin\instrument.dll
0x00007ffde8c20000 - 0x00007ffde8c40000 	C:\Program Files\Android\Android Studio\jbr\bin\java.dll
0x00007ffde44e0000 - 0x00007ffde44f8000 	C:\Program Files\Android\Android Studio\jbr\bin\zip.dll
0x00007ffdefc20000 - 0x00007ffdf0364000 	C:\Windows\System32\SHELL32.dll
0x00007ffdec4f0000 - 0x00007ffdecc84000 	C:\Windows\SYSTEM32\windows.storage.dll
0x00007ffdf0c90000 - 0x00007ffdf0fe4000 	C:\Windows\System32\combase.dll
0x00007ffdee1e0000 - 0x00007ffdee20c000 	C:\Windows\SYSTEM32\Wldp.dll
0x00007ffdef760000 - 0x00007ffdef80d000 	C:\Windows\System32\SHCORE.dll
0x00007ffdf0ff0000 - 0x00007ffdf1045000 	C:\Windows\System32\shlwapi.dll
0x00007ffdee810000 - 0x00007ffdee82f000 	C:\Windows\SYSTEM32\profapi.dll
0x00007ffdeaaf0000 - 0x00007ffdeab00000 	C:\Program Files\Android\Android Studio\jbr\bin\net.dll
0x00007ffde7ba0000 - 0x00007ffde7caa000 	C:\Windows\SYSTEM32\WINHTTP.dll
0x00007ffdedfc0000 - 0x00007ffdee02a000 	C:\Windows\system32\mswsock.dll
0x00007ffde44c0000 - 0x00007ffde44d6000 	C:\Program Files\Android\Android Studio\jbr\bin\nio.dll
0x00007ffdd95f0000 - 0x00007ffdd9600000 	C:\Program Files\Android\Android Studio\jbr\bin\verify.dll
0x00007ffdc1ba0000 - 0x00007ffdc1bc7000 	C:\Users\Administrator\.gradle\native\c067742578af261105cb4f569cf0c3c89f3d7b1fecec35dd04571415982c5e48\windows-amd64\native-platform.dll
0x00007ffdac880000 - 0x00007ffdac9c4000 	C:\Users\Administrator\.gradle\native\100fb08df4bc3b14c8652ba06237920a3bd2aa13389f12d3474272988ae205f9\windows-amd64\native-platform-file-events.dll
0x00007ffde4480000 - 0x00007ffde4489000 	C:\Program Files\Android\Android Studio\jbr\bin\management.dll
0x00007ffdda920000 - 0x00007ffdda92b000 	C:\Program Files\Android\Android Studio\jbr\bin\management_ext.dll
0x00007ffdef870000 - 0x00007ffdef878000 	C:\Windows\System32\PSAPI.DLL
0x00007ffdee220000 - 0x00007ffdee238000 	C:\Windows\SYSTEM32\CRYPTSP.dll
0x00007ffded900000 - 0x00007ffded934000 	C:\Windows\system32\rsaenh.dll
0x00007ffdeef80000 - 0x00007ffdeefa7000 	C:\Windows\System32\bcrypt.dll
0x00007ffdee7d0000 - 0x00007ffdee7fe000 	C:\Windows\SYSTEM32\USERENV.dll
0x00007ffdee150000 - 0x00007ffdee15c000 	C:\Windows\SYSTEM32\CRYPTBASE.dll
0x00007ffdedcd0000 - 0x00007ffdedd0b000 	C:\Windows\SYSTEM32\IPHLPAPI.DLL
0x00007ffdef3a0000 - 0x00007ffdef3a8000 	C:\Windows\System32\NSI.dll
0x00007ffde44b0000 - 0x00007ffde44b9000 	C:\Program Files\Android\Android Studio\jbr\bin\extnet.dll
0x00007ffdb5380000 - 0x00007ffdb5387000 	C:\Windows\system32\wshunix.dll

dbghelp: loaded successfully - version: 4.0.5 - missing functions: none
symbol engine: initialized successfully - sym options: 0x614 - pdb path: .;C:\Program Files\Android\Android Studio\jbr\bin;C:\Windows\SYSTEM32;C:\Windows\WinSxS\amd64_microsoft.windows.common-controls_6595b64144ccf1df_6.0.19041.1110_none_60b5254171f9507e;C:\Program Files\Android\Android Studio\jbr\bin\server;C:\Users\Administrator\.gradle\native\c067742578af261105cb4f569cf0c3c89f3d7b1fecec35dd04571415982c5e48\windows-amd64;C:\Users\Administrator\.gradle\native\100fb08df4bc3b14c8652ba06237920a3bd2aa13389f12d3474272988ae205f9\windows-amd64

VM Arguments:
jvm_args: --add-opens=java.base/java.lang=ALL-UNNAMED --add-opens=java.base/java.lang.invoke=ALL-UNNAMED --add-opens=java.base/java.util=ALL-UNNAMED --add-opens=java.prefs/java.util.prefs=ALL-UNNAMED --add-exports=jdk.compiler/com.sun.tools.javac.api=ALL-UNNAMED --add-exports=jdk.compiler/com.sun.tools.javac.util=ALL-UNNAMED --add-opens=java.base/java.util=ALL-UNNAMED --add-opens=java.prefs/java.util.prefs=ALL-UNNAMED --add-opens=java.base/java.nio.charset=ALL-UNNAMED --add-opens=java.base/java.net=ALL-UNNAMED --add-opens=java.base/java.util.concurrent.atomic=ALL-UNNAMED --add-opens=java.xml/javax.xml.namespace=ALL-UNNAMED -Xmx2048m -Dfile.encoding=UTF-8 -Duser.country=CN -Duser.language=zh -Duser.variant -javaagent:C:\Users\Administrator\.gradle\wrapper\dists\gradle-8.11.1-bin\bpt9gzteqjrbo1mjrsomdt32c\gradle-8.11.1\lib\agents\gradle-instrumentation-agent-8.11.1.jar 
java_command: org.gradle.launcher.daemon.bootstrap.GradleDaemon 8.11.1
java_class_path (initial): C:\Users\Administrator\.gradle\wrapper\dists\gradle-8.11.1-bin\bpt9gzteqjrbo1mjrsomdt32c\gradle-8.11.1\lib\gradle-daemon-main-8.11.1.jar
Launcher Type: SUN_STANDARD

[Global flags]
     intx CICompilerCount                          = 4                                         {product} {ergonomic}
     uint ConcGCThreads                            = 3                                         {product} {ergonomic}
     uint G1ConcRefinementThreads                  = 10                                        {product} {ergonomic}
   size_t G1HeapRegionSize                         = 1048576                                   {product} {ergonomic}
    uintx GCDrainStackTargetSize                   = 64                                        {product} {ergonomic}
   size_t InitialHeapSize                          = 266338304                                 {product} {ergonomic}
   size_t MarkStackSize                            = 4194304                                   {product} {ergonomic}
   size_t MaxHeapSize                              = 2147483648                                {product} {command line}
   size_t MaxNewSize                               = 1287651328                                {product} {ergonomic}
   size_t MinHeapDeltaBytes                        = 1048576                                   {product} {ergonomic}
   size_t MinHeapSize                              = 8388608                                   {product} {ergonomic}
    uintx NonNMethodCodeHeapSize                   = 5839372                                {pd product} {ergonomic}
    uintx NonProfiledCodeHeapSize                  = 122909434                              {pd product} {ergonomic}
    uintx ProfiledCodeHeapSize                     = 122909434                              {pd product} {ergonomic}
    uintx ReservedCodeCacheSize                    = 251658240                              {pd product} {ergonomic}
     bool SegmentedCodeCache                       = true                                      {product} {ergonomic}
   size_t SoftMaxHeapSize                          = 2147483648                             {manageable} {ergonomic}
     bool UseCompressedOops                        = true                           {product lp64_product} {ergonomic}
     bool UseG1GC                                  = true                                      {product} {ergonomic}
     bool UseLargePagesIndividualAllocation        = false                                  {pd product} {ergonomic}

Logging:
Log output configuration:
 #0: stdout all=warning uptime,level,tags foldmultilines=false
 #1: stderr all=off uptime,level,tags foldmultilines=false

Environment Variables:
PATH=G:\Python37\Scripts\;G:\Python37\;C:\Windows\system32;C:\Windows;C:\Windows\System32\Wbem;C:\Windows\System32\WindowsPowerShell\v1.0\;C:\Windows\System32\OpenSSH\;C:\Program Files\Microsoft SQL Server\110\Tools\Binn\;G:\ffmpeg-6.1.1-essentials_build\bin;F:\\opencv\build\x64\vc16\bin;;C:\Program Files\Docker\Docker\resources\bin;G:\web\dll;C:\Program Files\dotnet\;G:\Windows Kits\10\Windows Performance Toolkit\;C:\Users\Administrator\AppData\Local\Microsoft\WindowsApps;;C:\Users\Administrator\AppData\Local\Programs\Microsoft VS Code\bin;C:\Users\Administrator\.dotnet\tools
USERNAME=Administrator
OS=Windows_NT
PROCESSOR_IDENTIFIER=Intel64 Family 6 Model 165 Stepping 3, GenuineIntel
TMP=C:\Users\ADMINI~1\AppData\Local\Temp
TEMP=C:\Users\ADMINI~1\AppData\Local\Temp




Periodic native trim disabled

JNI global refs:
JNI global refs: 27, weak refs: 0

JNI global refs memory usage: 835, weak refs: 833

Process memory usage:
Resident Set Size: 339300K (2% of 16640012K total physical memory with 7090580K free physical memory)

OOME stack traces (most recent first):
Classloader memory used:
Loader org.gradle.internal.classloader.VisitableURLClassLoader                         : 34082K
Loader bootstrap                                                                       : 22938K
Loader org.gradle.initialization.MixInLegacyTypesClassLoader                           : 9567K
Loader org.gradle.internal.classloader.VisitableURLClassLoader$InstrumentingVisitableURLClassLoader: 1695K
Loader jdk.internal.loader.ClassLoaders$PlatformClassLoader                            : 538K
Loader jdk.internal.loader.ClassLoaders$AppClassLoader                                 : 234K
Loader org.gradle.internal.classloader.VisitableURLClassLoader                         : 136K
Loader jdk.internal.reflect.DelegatingClassLoader                                      : 120K

Classes loaded by more than one classloader:
Class Program                                                                         : loaded 4 times (x 70B)
Class org.gradle.internal.classloader.FilteringClassLoader                            : loaded 2 times (x 101B)
Class [Lcom.google.common.base.AbstractIterator$State;                                : loaded 2 times (x 65B)
Class com.google.common.base.CharMatcher$IsEither                                     : loaded 2 times (x 107B)
Class org.gradle.internal.classloader.ClassLoaderHierarchy                            : loaded 2 times (x 66B)
Class com.google.common.collect.ImmutableList$1                                       : loaded 2 times (x 93B)
Class org.gradle.api.internal.classpath.ManifestUtil                                  : loaded 2 times (x 67B)
Class com.google.common.collect.RegularImmutableMap                                   : loaded 2 times (x 117B)
Class com.google.common.collect.ImmutableMap$MapViewOfValuesAsSingletonSets           : loaded 2 times (x 122B)
Class com.google.common.collect.UnmodifiableListIterator                              : loaded 2 times (x 91B)
Class org.gradle.internal.classloader.DefaultClassLoaderFactory                       : loaded 2 times (x 78B)
Class com.google.common.base.CharMatcher$None                                         : loaded 2 times (x 108B)
Class org.gradle.internal.classloader.ClassLoaderVisitor                              : loaded 2 times (x 72B)
Class org.gradle.api.internal.classpath.EffectiveClassPath                            : loaded 2 times (x 86B)
Class com.google.common.base.Splitter                                                 : loaded 2 times (x 68B)
Class org.gradle.api.internal.DefaultClassPathProvider                                : loaded 2 times (x 72B)
Class [Lorg.gradle.api.internal.ClassPathProvider;                                    : loaded 2 times (x 65B)
Class org.gradle.api.internal.ClassPathProvider                                       : loaded 2 times (x 66B)
Class com.google.common.base.AbstractIterator$State                                   : loaded 2 times (x 75B)
Class org.gradle.internal.service.UnknownServiceException                             : loaded 2 times (x 79B)
Class com.google.common.base.Splitter$1                                               : loaded 2 times (x 73B)
Class org.gradle.internal.classpath.TransformedClassPath                              : loaded 2 times (x 92B)
Class org.gradle.internal.classloader.InstrumentingClassLoader                        : loaded 2 times (x 66B)
Class com.google.common.collect.UnmodifiableIterator                                  : loaded 2 times (x 76B)
Class org.gradle.internal.service.ServiceLocator                                      : loaded 2 times (x 66B)
Class com.google.common.collect.RegularImmutableAsList                                : loaded 2 times (x 213B)
Class com.google.common.collect.Lists$StringAsImmutableList                           : loaded 2 times (x 203B)
Class org.gradle.kotlin.dsl.VersionCatalogAccessorsKt                                 : loaded 2 times (x 67B)
Class org.gradle.internal.InternalTransformer                                         : loaded 2 times (x 66B)
Class com.google.common.base.CharMatcher$And                                          : loaded 2 times (x 108B)
Class org.gradle.internal.classloader.ClasspathUtil$1                                 : loaded 2 times (x 72B)
Class com.google.common.collect.IndexedImmutableSet                                   : loaded 2 times (x 148B)
Class com.google.common.collect.ImmutableMap$1                                        : loaded 2 times (x 77B)
Class com.google.common.collect.BiMap                                                 : loaded 2 times (x 66B)
Class org.gradle.api.internal.classpath.DefaultModuleRegistry$DefaultModule           : loaded 2 times (x 82B)
Class com.google.common.collect.ObjectArrays                                          : loaded 2 times (x 67B)
Class com.google.common.collect.AbstractIndexedListIterator                           : loaded 2 times (x 92B)
Class com.google.common.collect.ImmutableMapEntrySet                                  : loaded 2 times (x 148B)
Class org.gradle.api.internal.classpath.Module                                        : loaded 2 times (x 66B)
Class org.gradle.api.internal.classpath.UnknownModuleException                        : loaded 2 times (x 78B)
Class com.google.common.base.NullnessCasts                                            : loaded 2 times (x 67B)
Class org.gradle.api.internal.DefaultClassPathRegistry                                : loaded 2 times (x 72B)
Class org.gradle.api.internal.ClassPathRegistry                                       : loaded 2 times (x 66B)
Class org.gradle.internal.classpath.DefaultClassPath$ImmutableUniqueList              : loaded 2 times (x 195B)
Class com.google.common.collect.SingletonImmutableList                                : loaded 2 times (x 203B)
Class com.google.common.collect.RegularImmutableMap$KeySet                            : loaded 2 times (x 148B)
Class Settings_gradle$1                                                               : loaded 2 times (x 70B)
Class org.gradle.internal.classpath.ClassPath                                         : loaded 2 times (x 66B)
Class org.gradle.api.UncheckedIOException                                             : loaded 2 times (x 78B)
Class com.google.common.collect.ImmutableList$ReverseImmutableList                    : loaded 2 times (x 205B)
Class com.google.common.base.JdkPattern                                               : loaded 2 times (x 71B)
Class com.google.common.collect.ImmutableMap$IteratorBasedImmutableMap                : loaded 2 times (x 122B)
Class com.google.common.collect.ImmutableBiMap                                        : loaded 2 times (x 139B)
Class org.gradle.internal.installation.GradleInstallation$1                           : loaded 2 times (x 71B)
Class org.gradle.api.internal.classpath.ModuleRegistry                                : loaded 2 times (x 66B)
Class com.google.common.base.Splitter$SplittingIterator                               : loaded 2 times (x 80B)
Class com.google.common.base.CharMatcher$ForPredicate                                 : loaded 2 times (x 108B)
Class com.google.common.collect.ImmutableCollection                                   : loaded 2 times (x 121B)
Class com.google.common.base.CharMatcher$AnyOf                                        : loaded 2 times (x 108B)
Class org.gradle.api.internal.classpath.DefaultModuleRegistry                         : loaded 2 times (x 82B)
Class com.google.common.collect.ImmutableSet$CachingAsList                            : loaded 2 times (x 144B)
Class com.google.common.collect.Lists                                                 : loaded 2 times (x 67B)
Class com.google.common.collect.ImmutableAsList                                       : loaded 2 times (x 205B)
Class org.gradle.internal.service.ServiceLookupException                              : loaded 2 times (x 78B)
Class org.gradle.internal.classloader.ClassLoaderFactory                              : loaded 2 times (x 66B)
Class com.google.common.base.CharMatcher$IsNot                                        : loaded 2 times (x 107B)
Class com.google.common.base.CommonPattern                                            : loaded 2 times (x 70B)
Class org.gradle.internal.service.CachingServiceLocator                               : loaded 2 times (x 78B)
Class com.google.common.collect.RegularImmutableList                                  : loaded 2 times (x 209B)
Class org.gradle.internal.classloader.ClasspathUtil                                   : loaded 2 times (x 67B)
Class org.gradle.api.specs.Spec                                                       : loaded 2 times (x 66B)
Class Build_gradle$1                                                                  : loaded 2 times (x 74B)
Class org.gradle.internal.classloader.VisitableURLClassLoader$InstrumentingVisitableURLClassLoader: loaded 2 times (x 119B)
Class org.gradle.internal.classloader.VisitableURLClassLoader$Spec                    : loaded 2 times (x 70B)
Class org.gradle.internal.classpath.DefaultClassPath                                  : loaded 2 times (x 86B)
Class com.google.common.base.AbstractIterator                                         : loaded 2 times (x 76B)
Class com.google.common.collect.ImmutableSet                                          : loaded 2 times (x 141B)
Class com.google.common.collect.RegularImmutableMap$Values                            : loaded 2 times (x 203B)
Class com.google.common.base.CharMatcher$BitSetMatcher                                : loaded 2 times (x 108B)
Class org.gradle.internal.classloader.ClassLoaderSpec                                 : loaded 2 times (x 67B)
Class com.google.common.base.CharMatcher$Or                                           : loaded 2 times (x 108B)
Class Settings_gradle$1$1                                                             : loaded 2 times (x 70B)
Class org.gradle.internal.classloader.VisitableURLClassLoader                         : loaded 2 times (x 113B)
Class Settings_gradle                                                                 : loaded 2 times (x 124B)
Class org.gradle.internal.Cast                                                        : loaded 2 times (x 67B)
Class org.gradle.api.Action                                                           : loaded 2 times (x 66B)
Class com.google.common.base.CharMatcher$FastMatcher                                  : loaded 2 times (x 107B)
Class com.google.common.collect.ImmutableMap                                          : loaded 2 times (x 116B)
Class com.google.common.base.Predicate                                                : loaded 2 times (x 66B)
Class org.gradle.internal.classpath.DefaultClassPath$ImmutableUniqueList$Builder      : loaded 2 times (x 71B)
Class com.google.common.base.CharMatcher$NegatedFastMatcher                           : loaded 2 times (x 109B)
Class org.gradle.api.GradleException                                                  : loaded 2 times (x 78B)
Class com.google.common.collect.CollectPreconditions                                  : loaded 2 times (x 67B)
Class com.google.common.base.Splitter$1$1                                             : loaded 2 times (x 82B)
Class org.gradle.internal.IoActions                                                   : loaded 2 times (x 67B)
Class org.gradle.internal.classloader.SystemClassLoaderSpec                           : loaded 2 times (x 67B)
Class com.google.common.collect.RegularImmutableMap$BucketOverflowException           : loaded 2 times (x 78B)
Class com.google.common.base.CharMatcher$Negated                                      : loaded 2 times (x 109B)
Class com.google.common.base.CharMatcher$Is                                           : loaded 2 times (x 107B)
Class com.google.common.base.Preconditions                                            : loaded 2 times (x 67B)
Class com.google.common.base.CharMatcher                                              : loaded 2 times (x 107B)
Class com.google.common.base.CharMatcher$NamedFastMatcher                             : loaded 2 times (x 108B)
Class com.google.common.base.CharMatcher$1                                            : loaded 2 times (x 109B)
Class org.gradle.api.internal.classpath.GlobalCacheRootsProvider                      : loaded 2 times (x 66B)
Class com.google.common.collect.ImmutableMapEntrySet$RegularEntrySet                  : loaded 2 times (x 148B)
Class com.google.common.base.CharMatcher$InRange                                      : loaded 2 times (x 107B)
Class Build_gradle                                                                    : loaded 2 times (x 68B)
Class org.gradle.internal.installation.CurrentGradleInstallationLocator               : loaded 2 times (x 67B)
Class com.google.common.collect.ImmutableList                                         : loaded 2 times (x 202B)
Class org.gradle.internal.service.DefaultServiceLocator                               : loaded 2 times (x 79B)
Class org.gradle.internal.installation.CurrentGradleInstallation                      : loaded 2 times (x 69B)
Class com.google.common.collect.ImmutableList$SubList                                 : loaded 2 times (x 205B)
Class org.gradle.util.internal.GUtil                                                  : loaded 2 times (x 67B)
Class org.gradle.internal.installation.GradleInstallation                             : loaded 2 times (x 71B)
Class com.google.common.collect.Iterables                                             : loaded 2 times (x 67B)
Class com.google.common.base.Splitter$Strategy                                        : loaded 2 times (x 66B)

---------------  S Y S T E M  ---------------

OS:
 Windows 10 , 64 bit Build 19041 (10.0.19041.1706)
OS uptime: 9 days 3:59 hours
Hyper-V role detected

CPU: total 12 (initial active 12) (6 cores per cpu, 2 threads per core) family 6 model 165 stepping 3 microcode 0xea, cx8, cmov, fxsr, ht, mmx, 3dnowpref, sse, sse2, sse3, ssse3, sse4.1, sse4.2, popcnt, lzcnt, tsc, tscinvbit, avx, avx2, aes, erms, clmul, bmi1, bmi2, adx, fma, vzeroupper, clflush, clflushopt, hv, rdtscp, f16c
Processor Information for the first 12 processors :
  Max Mhz: 2904, Current Mhz: 2904, Mhz Limit: 2904

Memory: 4k page, system-wide physical 16250M (6924M free)
TotalPageFile size 64444M (AvailPageFile size 6M)
current process WorkingSet (physical memory assigned to process): 331M, peak: 331M
current process commit charge ("private bytes"): 393M, peak: 395M

vm_info: OpenJDK 64-Bit Server VM (21.0.6+-13368085-b895.109) for windows-amd64 JRE (21.0.6+-13368085-b895.109), built on 2025-04-16T17:01:31Z by "builder" with MS VC++ 16.10 / 16.11 (VS2019)

END.
